ARM GAS  C:\Users\andre\AppData\Local\Temp\ccFagIng.s 			page 1


   1              		.syntax unified
   2              		.cpu cortex-m3
   3              		.fpu softvfp
   4              		.eabi_attribute 20, 1
   5              		.eabi_attribute 21, 1
   6              		.eabi_attribute 23, 3
   7              		.eabi_attribute 24, 1
   8              		.eabi_attribute 25, 1
   9              		.eabi_attribute 26, 1
  10              		.eabi_attribute 30, 1
  11              		.eabi_attribute 34, 1
  12              		.eabi_attribute 18, 4
  13              		.thumb
  14              		.syntax unified
  15              		.file	"cymetadata.c"
  16              		.text
  17              	.Ltext0:
  18              		.cfi_sections	.debug_frame
  19              		.global	cy_metadata
  20              		.global	cy_meta_flashprotect
  21              		.global	cy_meta_wonvl
  22              		.global	cy_meta_custnvl
  23              		.global	cy_meta_configecc
  24              		.section	.cyconfigecc,"a",%progbits
  25              		.align	2
  26              		.type	cy_meta_configecc, %object
  27              		.size	cy_meta_configecc, 992
  28              	cy_meta_configecc:
  29 0000 02       		.byte	2
  30 0001 52       		.byte	82
  31 0002 00       		.byte	0
  32 0003 40       		.byte	64
  33 0004 01       		.byte	1
  34 0005 64       		.byte	100
  35 0006 00       		.byte	0
  36 0007 40       		.byte	64
  37 0008 03       		.byte	3
  38 0009 65       		.byte	101
  39 000a 00       		.byte	0
  40 000b 40       		.byte	64
  41 000c 0E       		.byte	14
  42 000d 08       		.byte	8
  43 000e 01       		.byte	1
  44 000f 40       		.byte	64
  45 0010 2F       		.byte	47
  46 0011 09       		.byte	9
  47 0012 01       		.byte	1
  48 0013 40       		.byte	64
  49 0014 01       		.byte	1
  50 0015 15       		.byte	21
  51 0016 01       		.byte	1
  52 0017 40       		.byte	64
  53 0018 52       		.byte	82
  54 0019 18       		.byte	24
  55 001a 01       		.byte	1
  56 001b 40       		.byte	64
  57 001c 40       		.byte	64
ARM GAS  C:\Users\andre\AppData\Local\Temp\ccFagIng.s 			page 2


  58 001d 19       		.byte	25
  59 001e 01       		.byte	1
  60 001f 40       		.byte	64
  61 0020 50       		.byte	80
  62 0021 1A       		.byte	26
  63 0022 01       		.byte	1
  64 0023 40       		.byte	64
  65 0024 49       		.byte	73
  66 0025 1B       		.byte	27
  67 0026 01       		.byte	1
  68 0027 40       		.byte	64
  69 0028 03       		.byte	3
  70 0029 49       		.byte	73
  71 002a 01       		.byte	1
  72 002b 40       		.byte	64
  73 002c 07       		.byte	7
  74 002d 4D       		.byte	77
  75 002e 01       		.byte	1
  76 002f 40       		.byte	64
  77 0030 04       		.byte	4
  78 0031 50       		.byte	80
  79 0032 01       		.byte	1
  80 0033 40       		.byte	64
  81 0034 18       		.byte	24
  82 0035 08       		.byte	8
  83 0036 19       		.byte	25
  84 0037 08       		.byte	8
  85 0038 88       		.byte	-120
  86 0039 72       		.byte	114
  87 003a 88       		.byte	-120
  88 003b 0D       		.byte	13
  89 003c 8A       		.byte	-118
  90 003d 0F       		.byte	15
  91 003e 8B       		.byte	-117
  92 003f 38       		.byte	56
  93 0040 84       		.byte	-124
  94 0041 10       		.byte	16
  95 0042 86       		.byte	-122
  96 0043 0C       		.byte	12
  97 0044 8A       		.byte	-118
  98 0045 03       		.byte	3
  99 0046 8C       		.byte	-116
 100 0047 09       		.byte	9
 101 0048 8E       		.byte	-114
 102 0049 10       		.byte	16
 103 004a 90       		.byte	-112
 104 004b 0C       		.byte	12
 105 004c 92       		.byte	-110
 106 004d 11       		.byte	17
 107 004e 94       		.byte	-108
 108 004f 1C       		.byte	28
 109 0050 96       		.byte	-106
 110 0051 02       		.byte	2
 111 0052 A0       		.byte	-96
 112 0053 14       		.byte	20
 113 0054 A8       		.byte	-88
 114 0055 10       		.byte	16
ARM GAS  C:\Users\andre\AppData\Local\Temp\ccFagIng.s 			page 3


 115 0056 B2       		.byte	-78
 116 0057 1F       		.byte	31
 117 0058 D8       		.byte	-40
 118 0059 04       		.byte	4
 119 005a DF       		.byte	-33
 120 005b 01       		.byte	1
 121 005c 00       		.byte	0
 122 005d 54       		.byte	84
 123 005e 04       		.byte	4
 124 005f 22       		.byte	34
 125 0060 05       		.byte	5
 126 0061 08       		.byte	8
 127 0062 09       		.byte	9
 128 0063 40       		.byte	64
 129 0064 0A       		.byte	10
 130 0065 A0       		.byte	-96
 131 0066 0B       		.byte	11
 132 0067 02       		.byte	2
 133 0068 0C       		.byte	12
 134 0069 58       		.byte	88
 135 006a 0E       		.byte	14
 136 006b 40       		.byte	64
 137 006c 10       		.byte	16
 138 006d 80       		.byte	-128
 139 006e 12       		.byte	18
 140 006f 24       		.byte	36
 141 0070 13       		.byte	19
 142 0071 04       		.byte	4
 143 0072 15       		.byte	21
 144 0073 01       		.byte	1
 145 0074 16       		.byte	22
 146 0075 02       		.byte	2
 147 0076 17       		.byte	23
 148 0077 14       		.byte	20
 149 0078 18       		.byte	24
 150 0079 10       		.byte	16
 151 007a 1C       		.byte	28
 152 007b 08       		.byte	8
 153 007c 1D       		.byte	29
 154 007d AA       		.byte	-86
 155 007e 1E       		.byte	30
 156 007f 20       		.byte	32
 157 0080 1F       		.byte	31
 158 0081 02       		.byte	2
 159 0082 25       		.byte	37
 160 0083 40       		.byte	64
 161 0084 26       		.byte	38
 162 0085 21       		.byte	33
 163 0086 27       		.byte	39
 164 0087 20       		.byte	32
 165 0088 2C       		.byte	44
 166 0089 08       		.byte	8
 167 008a 2F       		.byte	47
 168 008b 16       		.byte	22
 169 008c 34       		.byte	52
 170 008d 10       		.byte	16
 171 008e 36       		.byte	54
ARM GAS  C:\Users\andre\AppData\Local\Temp\ccFagIng.s 			page 4


 172 008f 11       		.byte	17
 173 0090 3C       		.byte	60
 174 0091 08       		.byte	8
 175 0092 3F       		.byte	63
 176 0093 22       		.byte	34
 177 0094 45       		.byte	69
 178 0095 AA       		.byte	-86
 179 0096 4C       		.byte	76
 180 0097 01       		.byte	1
 181 0098 4E       		.byte	78
 182 0099 02       		.byte	2
 183 009a 4F       		.byte	79
 184 009b 02       		.byte	2
 185 009c 57       		.byte	87
 186 009d 10       		.byte	16
 187 009e 5F       		.byte	95
 188 009f 20       		.byte	32
 189 00a0 6D       		.byte	109
 190 00a1 50       		.byte	80
 191 00a2 6E       		.byte	110
 192 00a3 14       		.byte	20
 193 00a4 76       		.byte	118
 194 00a5 02       		.byte	2
 195 00a6 77       		.byte	119
 196 00a7 14       		.byte	20
 197 00a8 C0       		.byte	-64
 198 00a9 77       		.byte	119
 199 00aa C2       		.byte	-62
 200 00ab FC       		.byte	-4
 201 00ac C4       		.byte	-60
 202 00ad FA       		.byte	-6
 203 00ae CA       		.byte	-54
 204 00af 70       		.byte	112
 205 00b0 CC       		.byte	-52
 206 00b1 A0       		.byte	-96
 207 00b2 CE       		.byte	-50
 208 00b3 E0       		.byte	-32
 209 00b4 D0       		.byte	-48
 210 00b5 F0       		.byte	-16
 211 00b6 D2       		.byte	-46
 212 00b7 10       		.byte	16
 213 00b8 D6       		.byte	-42
 214 00b9 20       		.byte	32
 215 00ba E6       		.byte	-26
 216 00bb 10       		.byte	16
 217 00bc 02       		.byte	2
 218 00bd E3       		.byte	-29
 219 00be 03       		.byte	3
 220 00bf 08       		.byte	8
 221 00c0 04       		.byte	4
 222 00c1 44       		.byte	68
 223 00c2 08       		.byte	8
 224 00c3 80       		.byte	-128
 225 00c4 0C       		.byte	12
 226 00c5 1C       		.byte	28
 227 00c6 0E       		.byte	14
 228 00c7 E2       		.byte	-30
ARM GAS  C:\Users\andre\AppData\Local\Temp\ccFagIng.s 			page 5


 229 00c8 10       		.byte	16
 230 00c9 C0       		.byte	-64
 231 00ca 13       		.byte	19
 232 00cb 01       		.byte	1
 233 00cc 14       		.byte	20
 234 00cd 1C       		.byte	28
 235 00ce 16       		.byte	22
 236 00cf E1       		.byte	-31
 237 00d0 18       		.byte	24
 238 00d1 E7       		.byte	-25
 239 00d2 19       		.byte	25
 240 00d3 04       		.byte	4
 241 00d4 1A       		.byte	26
 242 00d5 18       		.byte	24
 243 00d6 1E       		.byte	30
 244 00d7 04       		.byte	4
 245 00d8 20       		.byte	32
 246 00d9 FF       		.byte	-1
 247 00da 24       		.byte	36
 248 00db 08       		.byte	8
 249 00dc 28       		.byte	40
 250 00dd 18       		.byte	24
 251 00de 2C       		.byte	44
 252 00df 10       		.byte	16
 253 00e0 2F       		.byte	47
 254 00e1 07       		.byte	7
 255 00e2 31       		.byte	49
 256 00e3 01       		.byte	1
 257 00e4 32       		.byte	50
 258 00e5 38       		.byte	56
 259 00e6 33       		.byte	51
 260 00e7 04       		.byte	4
 261 00e8 34       		.byte	52
 262 00e9 1F       		.byte	31
 263 00ea 35       		.byte	53
 264 00eb 02       		.byte	2
 265 00ec 36       		.byte	54
 266 00ed C0       		.byte	-64
 267 00ee 37       		.byte	55
 268 00ef 08       		.byte	8
 269 00f0 3A       		.byte	58
 270 00f1 28       		.byte	40
 271 00f2 40       		.byte	64
 272 00f3 40       		.byte	64
 273 00f4 41       		.byte	65
 274 00f5 03       		.byte	3
 275 00f6 45       		.byte	69
 276 00f7 D0       		.byte	-48
 277 00f8 46       		.byte	70
 278 00f9 20       		.byte	32
 279 00fa 47       		.byte	71
 280 00fb 10       		.byte	16
 281 00fc 48       		.byte	72
 282 00fd 2A       		.byte	42
 283 00fe 49       		.byte	73
 284 00ff FF       		.byte	-1
 285 0100 4A       		.byte	74
ARM GAS  C:\Users\andre\AppData\Local\Temp\ccFagIng.s 			page 6


 286 0101 FF       		.byte	-1
 287 0102 4B       		.byte	75
 288 0103 FF       		.byte	-1
 289 0104 4D       		.byte	77
 290 0105 A0       		.byte	-96
 291 0106 4F       		.byte	79
 292 0107 04       		.byte	4
 293 0108 50       		.byte	80
 294 0109 18       		.byte	24
 295 010a 52       		.byte	82
 296 010b 80       		.byte	-128
 297 010c 54       		.byte	84
 298 010d 05       		.byte	5
 299 010e 58       		.byte	88
 300 010f 04       		.byte	4
 301 0110 59       		.byte	89
 302 0111 04       		.byte	4
 303 0112 5A       		.byte	90
 304 0113 04       		.byte	4
 305 0114 5B       		.byte	91
 306 0115 04       		.byte	4
 307 0116 5C       		.byte	92
 308 0117 10       		.byte	16
 309 0118 5D       		.byte	93
 310 0119 11       		.byte	17
 311 011a 5F       		.byte	95
 312 011b 01       		.byte	1
 313 011c 60       		.byte	96
 314 011d 40       		.byte	64
 315 011e 62       		.byte	98
 316 011f C0       		.byte	-64
 317 0120 64       		.byte	100
 318 0121 40       		.byte	64
 319 0122 65       		.byte	101
 320 0123 40       		.byte	64
 321 0124 66       		.byte	102
 322 0125 C0       		.byte	-64
 323 0126 68       		.byte	104
 324 0127 C0       		.byte	-64
 325 0128 6A       		.byte	106
 326 0129 C0       		.byte	-64
 327 012a 6C       		.byte	108
 328 012b C0       		.byte	-64
 329 012c 6E       		.byte	110
 330 012d C0       		.byte	-64
 331 012e 84       		.byte	-124
 332 012f 68       		.byte	104
 333 0130 86       		.byte	-122
 334 0131 95       		.byte	-107
 335 0132 8A       		.byte	-118
 336 0133 02       		.byte	2
 337 0134 8E       		.byte	-114
 338 0135 16       		.byte	22
 339 0136 90       		.byte	-112
 340 0137 68       		.byte	104
 341 0138 92       		.byte	-110
 342 0139 93       		.byte	-109
ARM GAS  C:\Users\andre\AppData\Local\Temp\ccFagIng.s 			page 7


 343 013a 94       		.byte	-108
 344 013b 56       		.byte	86
 345 013c 95       		.byte	-107
 346 013d 02       		.byte	2
 347 013e 96       		.byte	-106
 348 013f 89       		.byte	-119
 349 0140 9D       		.byte	-99
 350 0141 03       		.byte	3
 351 0142 A8       		.byte	-88
 352 0143 60       		.byte	96
 353 0144 A9       		.byte	-87
 354 0145 03       		.byte	3
 355 0146 AA       		.byte	-86
 356 0147 80       		.byte	-128
 357 0148 AE       		.byte	-82
 358 0149 A9       		.byte	-87
 359 014a AF       		.byte	-81
 360 014b 01       		.byte	1
 361 014c B0       		.byte	-80
 362 014d 07       		.byte	7
 363 014e B2       		.byte	-78
 364 014f 1B       		.byte	27
 365 0150 B3       		.byte	-77
 366 0151 03       		.byte	3
 367 0152 B4       		.byte	-76
 368 0153 E4       		.byte	-28
 369 0154 B9       		.byte	-71
 370 0155 08       		.byte	8
 371 0156 BA       		.byte	-70
 372 0157 2A       		.byte	42
 373 0158 BF       		.byte	-65
 374 0159 04       		.byte	4
 375 015a D8       		.byte	-40
 376 015b 04       		.byte	4
 377 015c D9       		.byte	-39
 378 015d 04       		.byte	4
 379 015e DF       		.byte	-33
 380 015f 01       		.byte	1
 381 0160 00       		.byte	0
 382 0161 44       		.byte	68
 383 0162 02       		.byte	2
 384 0163 04       		.byte	4
 385 0164 04       		.byte	4
 386 0165 22       		.byte	34
 387 0166 05       		.byte	5
 388 0167 08       		.byte	8
 389 0168 07       		.byte	7
 390 0169 02       		.byte	2
 391 016a 0A       		.byte	10
 392 016b A0       		.byte	-96
 393 016c 0C       		.byte	12
 394 016d 10       		.byte	16
 395 016e 0D       		.byte	13
 396 016f 08       		.byte	8
 397 0170 0E       		.byte	14
 398 0171 41       		.byte	65
 399 0172 10       		.byte	16
ARM GAS  C:\Users\andre\AppData\Local\Temp\ccFagIng.s 			page 8


 400 0173 4A       		.byte	74
 401 0174 13       		.byte	19
 402 0175 02       		.byte	2
 403 0176 15       		.byte	21
 404 0177 01       		.byte	1
 405 0178 16       		.byte	22
 406 0179 02       		.byte	2
 407 017a 17       		.byte	23
 408 017b 14       		.byte	20
 409 017c 18       		.byte	24
 410 017d 04       		.byte	4
 411 017e 19       		.byte	25
 412 017f 24       		.byte	36
 413 0180 1A       		.byte	26
 414 0181 A0       		.byte	-96
 415 0182 1D       		.byte	29
 416 0183 08       		.byte	8
 417 0184 1E       		.byte	30
 418 0185 02       		.byte	2
 419 0186 1F       		.byte	31
 420 0187 14       		.byte	20
 421 0188 23       		.byte	35
 422 0189 10       		.byte	16
 423 018a 25       		.byte	37
 424 018b 06       		.byte	6
 425 018c 26       		.byte	38
 426 018d A0       		.byte	-96
 427 018e 27       		.byte	39
 428 018f 01       		.byte	1
 429 0190 29       		.byte	41
 430 0191 20       		.byte	32
 431 0192 2B       		.byte	43
 432 0193 01       		.byte	1
 433 0194 2F       		.byte	47
 434 0195 02       		.byte	2
 435 0196 31       		.byte	49
 436 0197 84       		.byte	-124
 437 0198 32       		.byte	50
 438 0199 40       		.byte	64
 439 019a 36       		.byte	54
 440 019b 20       		.byte	32
 441 019c 37       		.byte	55
 442 019d 01       		.byte	1
 443 019e 3C       		.byte	60
 444 019f 02       		.byte	2
 445 01a0 46       		.byte	70
 446 01a1 20       		.byte	32
 447 01a2 47       		.byte	71
 448 01a3 01       		.byte	1
 449 01a4 4D       		.byte	77
 450 01a5 02       		.byte	2
 451 01a6 56       		.byte	86
 452 01a7 20       		.byte	32
 453 01a8 57       		.byte	87
 454 01a9 02       		.byte	2
 455 01aa 5D       		.byte	93
 456 01ab 82       		.byte	-126
ARM GAS  C:\Users\andre\AppData\Local\Temp\ccFagIng.s 			page 9


 457 01ac 5F       		.byte	95
 458 01ad 08       		.byte	8
 459 01ae 74       		.byte	116
 460 01af 01       		.byte	1
 461 01b0 90       		.byte	-112
 462 01b1 12       		.byte	18
 463 01b2 91       		.byte	-111
 464 01b3 51       		.byte	81
 465 01b4 92       		.byte	-110
 466 01b5 14       		.byte	20
 467 01b6 93       		.byte	-109
 468 01b7 06       		.byte	6
 469 01b8 94       		.byte	-108
 470 01b9 64       		.byte	100
 471 01ba 96       		.byte	-106
 472 01bb E0       		.byte	-32
 473 01bc 97       		.byte	-105
 474 01bd 28       		.byte	40
 475 01be 98       		.byte	-104
 476 01bf 10       		.byte	16
 477 01c0 9A       		.byte	-102
 478 01c1 02       		.byte	2
 479 01c2 9B       		.byte	-101
 480 01c3 14       		.byte	20
 481 01c4 9C       		.byte	-100
 482 01c5 40       		.byte	64
 483 01c6 9D       		.byte	-99
 484 01c7 08       		.byte	8
 485 01c8 9E       		.byte	-98
 486 01c9 04       		.byte	4
 487 01ca A4       		.byte	-92
 488 01cb 80       		.byte	-128
 489 01cc A6       		.byte	-90
 490 01cd 02       		.byte	2
 491 01ce B1       		.byte	-79
 492 01cf 21       		.byte	33
 493 01d0 C0       		.byte	-64
 494 01d1 F7       		.byte	-9
 495 01d2 C2       		.byte	-62
 496 01d3 FC       		.byte	-4
 497 01d4 C4       		.byte	-60
 498 01d5 F3       		.byte	-13
 499 01d6 CA       		.byte	-54
 500 01d7 1C       		.byte	28
 501 01d8 CC       		.byte	-52
 502 01d9 AA       		.byte	-86
 503 01da CE       		.byte	-50
 504 01db 80       		.byte	-128
 505 01dc D0       		.byte	-48
 506 01dd C0       		.byte	-64
 507 01de D6       		.byte	-42
 508 01df D0       		.byte	-48
 509 01e0 07       		.byte	7
 510 01e1 02       		.byte	2
 511 01e2 09       		.byte	9
 512 01e3 04       		.byte	4
 513 01e4 13       		.byte	19
ARM GAS  C:\Users\andre\AppData\Local\Temp\ccFagIng.s 			page 10


 514 01e5 02       		.byte	2
 515 01e6 19       		.byte	25
 516 01e7 01       		.byte	1
 517 01e8 1A       		.byte	26
 518 01e9 01       		.byte	1
 519 01ea 1C       		.byte	28
 520 01eb 01       		.byte	1
 521 01ec 1D       		.byte	29
 522 01ed 02       		.byte	2
 523 01ee 27       		.byte	39
 524 01ef 02       		.byte	2
 525 01f0 28       		.byte	40
 526 01f1 01       		.byte	1
 527 01f2 29       		.byte	41
 528 01f3 02       		.byte	2
 529 01f4 2C       		.byte	44
 530 01f5 02       		.byte	2
 531 01f6 30       		.byte	48
 532 01f7 03       		.byte	3
 533 01f8 31       		.byte	49
 534 01f9 02       		.byte	2
 535 01fa 33       		.byte	51
 536 01fb 01       		.byte	1
 537 01fc 35       		.byte	53
 538 01fd 04       		.byte	4
 539 01fe 38       		.byte	56
 540 01ff 02       		.byte	2
 541 0200 3F       		.byte	63
 542 0201 15       		.byte	21
 543 0202 40       		.byte	64
 544 0203 65       		.byte	101
 545 0204 41       		.byte	65
 546 0205 01       		.byte	1
 547 0206 46       		.byte	70
 548 0207 EB       		.byte	-21
 549 0208 47       		.byte	71
 550 0209 0C       		.byte	12
 551 020a 48       		.byte	72
 552 020b 1C       		.byte	28
 553 020c 49       		.byte	73
 554 020d FF       		.byte	-1
 555 020e 4A       		.byte	74
 556 020f FF       		.byte	-1
 557 0210 4B       		.byte	75
 558 0211 FF       		.byte	-1
 559 0212 4E       		.byte	78
 560 0213 F0       		.byte	-16
 561 0214 4F       		.byte	79
 562 0215 44       		.byte	68
 563 0216 50       		.byte	80
 564 0217 0C       		.byte	12
 565 0218 54       		.byte	84
 566 0219 01       		.byte	1
 567 021a 58       		.byte	88
 568 021b 04       		.byte	4
 569 021c 59       		.byte	89
 570 021d 04       		.byte	4
ARM GAS  C:\Users\andre\AppData\Local\Temp\ccFagIng.s 			page 11


 571 021e 5A       		.byte	90
 572 021f 04       		.byte	4
 573 0220 5B       		.byte	91
 574 0221 04       		.byte	4
 575 0222 5F       		.byte	95
 576 0223 01       		.byte	1
 577 0224 66       		.byte	102
 578 0225 C0       		.byte	-64
 579 0226 6A       		.byte	106
 580 0227 40       		.byte	64
 581 0228 6B       		.byte	107
 582 0229 02       		.byte	2
 583 022a 84       		.byte	-124
 584 022b 04       		.byte	4
 585 022c 85       		.byte	-123
 586 022d 0B       		.byte	11
 587 022e 86       		.byte	-122
 588 022f 03       		.byte	3
 589 0230 88       		.byte	-120
 590 0231 08       		.byte	8
 591 0232 89       		.byte	-119
 592 0233 0B       		.byte	11
 593 0234 8A       		.byte	-118
 594 0235 02       		.byte	2
 595 0236 90       		.byte	-112
 596 0237 02       		.byte	2
 597 0238 92       		.byte	-110
 598 0239 0C       		.byte	12
 599 023a 98       		.byte	-104
 600 023b 0E       		.byte	14
 601 023c 99       		.byte	-103
 602 023d 02       		.byte	2
 603 023e 9B       		.byte	-101
 604 023f 01       		.byte	1
 605 0240 9F       		.byte	-97
 606 0241 04       		.byte	4
 607 0242 A5       		.byte	-91
 608 0243 01       		.byte	1
 609 0244 A7       		.byte	-89
 610 0245 02       		.byte	2
 611 0246 A8       		.byte	-88
 612 0247 0E       		.byte	14
 613 0248 AB       		.byte	-85
 614 0249 04       		.byte	4
 615 024a AD       		.byte	-83
 616 024b 08       		.byte	8
 617 024c B0       		.byte	-80
 618 024d 0E       		.byte	14
 619 024e B1       		.byte	-79
 620 024f 08       		.byte	8
 621 0250 B3       		.byte	-77
 622 0251 03       		.byte	3
 623 0252 B5       		.byte	-75
 624 0253 04       		.byte	4
 625 0254 B6       		.byte	-74
 626 0255 01       		.byte	1
 627 0256 BF       		.byte	-65
ARM GAS  C:\Users\andre\AppData\Local\Temp\ccFagIng.s 			page 12


 628 0257 10       		.byte	16
 629 0258 C0       		.byte	-64
 630 0259 06       		.byte	6
 631 025a C7       		.byte	-57
 632 025b 04       		.byte	4
 633 025c C9       		.byte	-55
 634 025d FF       		.byte	-1
 635 025e CA       		.byte	-54
 636 025f 07       		.byte	7
 637 0260 CB       		.byte	-53
 638 0261 FF       		.byte	-1
 639 0262 CC       		.byte	-52
 640 0263 40       		.byte	64
 641 0264 CD       		.byte	-51
 642 0265 20       		.byte	32
 643 0266 CE       		.byte	-50
 644 0267 F0       		.byte	-16
 645 0268 CF       		.byte	-49
 646 0269 05       		.byte	5
 647 026a D0       		.byte	-48
 648 026b 08       		.byte	8
 649 026c D4       		.byte	-44
 650 026d 18       		.byte	24
 651 026e D8       		.byte	-40
 652 026f 04       		.byte	4
 653 0270 D9       		.byte	-39
 654 0271 04       		.byte	4
 655 0272 DA       		.byte	-38
 656 0273 04       		.byte	4
 657 0274 DB       		.byte	-37
 658 0275 04       		.byte	4
 659 0276 DF       		.byte	-33
 660 0277 01       		.byte	1
 661 0278 E0       		.byte	-32
 662 0279 40       		.byte	64
 663 027a E1       		.byte	-31
 664 027b A8       		.byte	-88
 665 027c E2       		.byte	-30
 666 027d 40       		.byte	64
 667 027e E3       		.byte	-29
 668 027f 20       		.byte	32
 669 0280 04       		.byte	4
 670 0281 20       		.byte	32
 671 0282 05       		.byte	5
 672 0283 08       		.byte	8
 673 0284 08       		.byte	8
 674 0285 10       		.byte	16
 675 0286 09       		.byte	9
 676 0287 80       		.byte	-128
 677 0288 0E       		.byte	14
 678 0289 44       		.byte	68
 679 028a 10       		.byte	16
 680 028b 06       		.byte	6
 681 028c 15       		.byte	21
 682 028d 10       		.byte	16
 683 028e 18       		.byte	24
 684 028f 40       		.byte	64
ARM GAS  C:\Users\andre\AppData\Local\Temp\ccFagIng.s 			page 13


 685 0290 1E       		.byte	30
 686 0291 41       		.byte	65
 687 0292 22       		.byte	34
 688 0293 24       		.byte	36
 689 0294 23       		.byte	35
 690 0295 80       		.byte	-128
 691 0296 24       		.byte	36
 692 0297 20       		.byte	32
 693 0298 26       		.byte	38
 694 0299 02       		.byte	2
 695 029a 27       		.byte	39
 696 029b 18       		.byte	24
 697 029c 28       		.byte	40
 698 029d 14       		.byte	20
 699 029e 29       		.byte	41
 700 029f 24       		.byte	36
 701 02a0 2D       		.byte	45
 702 02a1 48       		.byte	72
 703 02a2 2E       		.byte	46
 704 02a3 20       		.byte	32
 705 02a4 30       		.byte	48
 706 02a5 22       		.byte	34
 707 02a6 31       		.byte	49
 708 02a7 80       		.byte	-128
 709 02a8 36       		.byte	54
 710 02a9 80       		.byte	-128
 711 02aa 37       		.byte	55
 712 02ab 10       		.byte	16
 713 02ac 38       		.byte	56
 714 02ad 18       		.byte	24
 715 02ae 3E       		.byte	62
 716 02af 14       		.byte	20
 717 02b0 41       		.byte	65
 718 02b1 80       		.byte	-128
 719 02b2 48       		.byte	72
 720 02b3 02       		.byte	2
 721 02b4 49       		.byte	73
 722 02b5 20       		.byte	32
 723 02b6 4F       		.byte	79
 724 02b7 10       		.byte	16
 725 02b8 50       		.byte	80
 726 02b9 AC       		.byte	-84
 727 02ba 54       		.byte	84
 728 02bb 02       		.byte	2
 729 02bc 56       		.byte	86
 730 02bd 04       		.byte	4
 731 02be 57       		.byte	87
 732 02bf 01       		.byte	1
 733 02c0 58       		.byte	88
 734 02c1 01       		.byte	1
 735 02c2 5A       		.byte	90
 736 02c3 08       		.byte	8
 737 02c4 5B       		.byte	91
 738 02c5 A0       		.byte	-96
 739 02c6 5E       		.byte	94
 740 02c7 02       		.byte	2
 741 02c8 67       		.byte	103
ARM GAS  C:\Users\andre\AppData\Local\Temp\ccFagIng.s 			page 14


 742 02c9 06       		.byte	6
 743 02ca 84       		.byte	-124
 744 02cb 21       		.byte	33
 745 02cc 86       		.byte	-122
 746 02cd 20       		.byte	32
 747 02ce 88       		.byte	-120
 748 02cf 08       		.byte	8
 749 02d0 89       		.byte	-119
 750 02d1 08       		.byte	8
 751 02d2 8B       		.byte	-117
 752 02d3 20       		.byte	32
 753 02d4 8D       		.byte	-115
 754 02d5 02       		.byte	2
 755 02d6 90       		.byte	-112
 756 02d7 10       		.byte	16
 757 02d8 91       		.byte	-111
 758 02d9 50       		.byte	80
 759 02da 92       		.byte	-110
 760 02db 14       		.byte	20
 761 02dc 93       		.byte	-109
 762 02dd 16       		.byte	22
 763 02de 94       		.byte	-108
 764 02df 60       		.byte	96
 765 02e0 96       		.byte	-106
 766 02e1 41       		.byte	65
 767 02e2 99       		.byte	-103
 768 02e3 24       		.byte	36
 769 02e4 9A       		.byte	-102
 770 02e5 20       		.byte	32
 771 02e6 9D       		.byte	-99
 772 02e7 08       		.byte	8
 773 02e8 9E       		.byte	-98
 774 02e9 04       		.byte	4
 775 02ea 9F       		.byte	-97
 776 02eb 08       		.byte	8
 777 02ec A1       		.byte	-95
 778 02ed 82       		.byte	-126
 779 02ee A2       		.byte	-94
 780 02ef 81       		.byte	-127
 781 02f0 A4       		.byte	-92
 782 02f1 8A       		.byte	-118
 783 02f2 A6       		.byte	-90
 784 02f3 02       		.byte	2
 785 02f4 A7       		.byte	-89
 786 02f5 01       		.byte	1
 787 02f6 B3       		.byte	-77
 788 02f7 12       		.byte	18
 789 02f8 B5       		.byte	-75
 790 02f9 84       		.byte	-124
 791 02fa C0       		.byte	-64
 792 02fb 60       		.byte	96
 793 02fc C2       		.byte	-62
 794 02fd 53       		.byte	83
 795 02fe C4       		.byte	-60
 796 02ff 43       		.byte	67
 797 0300 CA       		.byte	-54
 798 0301 76       		.byte	118
ARM GAS  C:\Users\andre\AppData\Local\Temp\ccFagIng.s 			page 15


 799 0302 CC       		.byte	-52
 800 0303 3D       		.byte	61
 801 0304 CE       		.byte	-50
 802 0305 66       		.byte	102
 803 0306 D0       		.byte	-48
 804 0307 08       		.byte	8
 805 0308 D2       		.byte	-46
 806 0309 2C       		.byte	44
 807 030a D6       		.byte	-42
 808 030b 8F       		.byte	-113
 809 030c D8       		.byte	-40
 810 030d 30       		.byte	48
 811 030e E4       		.byte	-28
 812 030f 02       		.byte	2
 813 0310 E6       		.byte	-26
 814 0311 10       		.byte	16
 815 0312 5F       		.byte	95
 816 0313 20       		.byte	32
 817 0314 8F       		.byte	-113
 818 0315 20       		.byte	32
 819 0316 D6       		.byte	-42
 820 0317 20       		.byte	32
 821 0318 10       		.byte	16
 822 0319 40       		.byte	64
 823 031a 74       		.byte	116
 824 031b 04       		.byte	4
 825 031c 84       		.byte	-124
 826 031d 04       		.byte	4
 827 031e 88       		.byte	-120
 828 031f 40       		.byte	64
 829 0320 C4       		.byte	-60
 830 0321 08       		.byte	8
 831 0322 DE       		.byte	-34
 832 0323 04       		.byte	4
 833 0324 E2       		.byte	-30
 834 0325 01       		.byte	1
 835 0326 00       		.byte	0
 836 0327 01       		.byte	1
 837 0328 0C       		.byte	12
 838 0329 01       		.byte	1
 839 032a 10       		.byte	16
 840 032b 03       		.byte	3
 841 032c 1C       		.byte	28
 842 032d 03       		.byte	3
 843 032e 00       		.byte	0
 844 032f 00       		.byte	0
 845 0330 80       		.byte	-128
 846 0331 80       		.byte	-128
 847 0332 00       		.byte	0
 848 0333 00       		.byte	0
 849 0334 40       		.byte	64
 850 0335 00       		.byte	0
 851 0336 00       		.byte	0
 852 0337 00       		.byte	0
 853 0338 00       		.byte	0
 854 0339 00       		.byte	0
 855 033a 43       		.byte	67
ARM GAS  C:\Users\andre\AppData\Local\Temp\ccFagIng.s 			page 16


 856 033b 02       		.byte	2
 857 033c 01       		.byte	1
 858 033d 05       		.byte	5
 859 033e 20       		.byte	32
 860 033f 00       		.byte	0
 861 0340 02       		.byte	2
 862 0341 00       		.byte	0
 863 0342 20       		.byte	32
 864 0343 08       		.byte	8
 865 0344 00       		.byte	0
 866 0345 00       		.byte	0
 867 0346 00       		.byte	0
 868 0347 00       		.byte	0
 869 0348 03       		.byte	3
 870 0349 00       		.byte	0
 871 034a 10       		.byte	16
 872 034b 02       		.byte	2
 873 034c 0F       		.byte	15
 874 034d 00       		.byte	0
 875 034e 40       		.byte	64
 876 034f 00       		.byte	0
 877 0350 43       		.byte	67
 878 0351 05       		.byte	5
 879 0352 0C       		.byte	12
 880 0353 00       		.byte	0
 881 0354 4C       		.byte	76
 882 0355 00       		.byte	0
 883 0356 03       		.byte	3
 884 0357 00       		.byte	0
 885 0358 4F       		.byte	79
 886 0359 00       		.byte	0
 887 035a 00       		.byte	0
 888 035b 00       		.byte	0
 889 035c 04       		.byte	4
 890 035d 04       		.byte	4
 891 035e 00       		.byte	0
 892 035f 01       		.byte	1
 893 0360 0C       		.byte	12
 894 0361 04       		.byte	4
 895 0362 00       		.byte	0
 896 0363 01       		.byte	1
 897 0364 08       		.byte	8
 898 0365 00       		.byte	0
 899 0366 00       		.byte	0
 900 0367 08       		.byte	8
 901 0368 4C       		.byte	76
 902 0369 01       		.byte	1
 903 036a 0F       		.byte	15
 904 036b 04       		.byte	4
 905 036c 00       		.byte	0
 906 036d 02       		.byte	2
 907 036e 30       		.byte	48
 908 036f 08       		.byte	8
 909 0370 00       		.byte	0
 910 0371 02       		.byte	2
 911 0372 28       		.byte	40
 912 0373 00       		.byte	0
ARM GAS  C:\Users\andre\AppData\Local\Temp\ccFagIng.s 			page 17


 913 0374 00       		.byte	0
 914 0375 00       		.byte	0
 915 0376 40       		.byte	64
 916 0377 54       		.byte	84
 917 0378 35       		.byte	53
 918 0379 02       		.byte	2
 919 037a 04       		.byte	4
 920 037b 00       		.byte	0
 921 037c 01       		.byte	1
 922 037d E0       		.byte	-32
 923 037e C0       		.byte	-64
 924 037f 00       		.byte	0
 925 0380 0A       		.byte	10
 926 0381 FF       		.byte	-1
 927 0382 FF       		.byte	-1
 928 0383 FF       		.byte	-1
 929 0384 62       		.byte	98
 930 0385 A0       		.byte	-96
 931 0386 F0       		.byte	-16
 932 0387 41       		.byte	65
 933 0388 0C       		.byte	12
 934 0389 00       		.byte	0
 935 038a 00       		.byte	0
 936 038b 00       		.byte	0
 937 038c 00       		.byte	0
 938 038d 00       		.byte	0
 939 038e 02       		.byte	2
 940 038f 11       		.byte	17
 941 0390 04       		.byte	4
 942 0391 04       		.byte	4
 943 0392 04       		.byte	4
 944 0393 04       		.byte	4
 945 0394 00       		.byte	0
 946 0395 00       		.byte	0
 947 0396 00       		.byte	0
 948 0397 01       		.byte	1
 949 0398 00       		.byte	0
 950 0399 00       		.byte	0
 951 039a 00       		.byte	0
 952 039b 00       		.byte	0
 953 039c 00       		.byte	0
 954 039d 00       		.byte	0
 955 039e 40       		.byte	64
 956 039f 02       		.byte	2
 957 03a0 00       		.byte	0
 958 03a1 10       		.byte	16
 959 03a2 30       		.byte	48
 960 03a3 10       		.byte	16
 961 03a4 00       		.byte	0
 962 03a5 10       		.byte	16
 963 03a6 10       		.byte	16
 964 03a7 12       		.byte	18
 965 03a8 00       		.byte	0
 966 03a9 00       		.byte	0
 967 03aa 00       		.byte	0
 968 03ab 00       		.byte	0
 969 03ac 00       		.byte	0
ARM GAS  C:\Users\andre\AppData\Local\Temp\ccFagIng.s 			page 18


 970 03ad 00       		.byte	0
 971 03ae 00       		.byte	0
 972 03af 00       		.byte	0
 973 03b0 00       		.byte	0
 974 03b1 00       		.byte	0
 975 03b2 00       		.byte	0
 976 03b3 00       		.byte	0
 977 03b4 00       		.byte	0
 978 03b5 00       		.byte	0
 979 03b6 00       		.byte	0
 980 03b7 00       		.byte	0
 981 03b8 80       		.byte	-128
 982 03b9 00       		.byte	0
 983 03ba 40       		.byte	64
 984 03bb 80       		.byte	-128
 985 03bc 80       		.byte	-128
 986 03bd 00       		.byte	0
 987 03be 80       		.byte	-128
 988 03bf 00       		.byte	0
 989 03c0 00       		.byte	0
 990 03c1 00       		.byte	0
 991 03c2 00       		.byte	0
 992 03c3 00       		.byte	0
 993 03c4 00       		.byte	0
 994 03c5 0B       		.byte	11
 995 03c6 0B       		.byte	11
 996 03c7 00       		.byte	0
 997 03c8 00       		.byte	0
 998 03c9 00       		.byte	0
 999 03ca 00       		.byte	0
 1000 03cb 00       		.byte	0
 1001 03cc 04       		.byte	4
 1002 03cd 00       		.byte	0
 1003 03ce 00       		.byte	0
 1004 03cf 04       		.byte	4
 1005 03d0 00       		.byte	0
 1006 03d1 00       		.byte	0
 1007 03d2 00       		.byte	0
 1008 03d3 00       		.byte	0
 1009 03d4 00       		.byte	0
 1010 03d5 00       		.byte	0
 1011 03d6 00       		.byte	0
 1012 03d7 00       		.byte	0
 1013 03d8 00       		.byte	0
 1014 03d9 0B       		.byte	11
 1015 03da 0B       		.byte	11
 1016 03db 00       		.byte	0
 1017 03dc 08       		.byte	8
 1018 03dd 00       		.byte	0
 1019 03de 00       		.byte	0
 1020 03df 00       		.byte	0
 1021              		.section	.cywolatch,"a",%progbits
 1022              		.align	2
 1023              		.type	cy_meta_wonvl, %object
 1024              		.size	cy_meta_wonvl, 4
 1025              	cy_meta_wonvl:
 1026 0000 BC       		.byte	-68
ARM GAS  C:\Users\andre\AppData\Local\Temp\ccFagIng.s 			page 19


 1027 0001 90       		.byte	-112
 1028 0002 AC       		.byte	-84
 1029 0003 AF       		.byte	-81
 1030              		.section	.cycustnvl,"a",%progbits
 1031              		.align	2
 1032              		.type	cy_meta_custnvl, %object
 1033              		.size	cy_meta_custnvl, 4
 1034              	cy_meta_custnvl:
 1035 0000 00       		.byte	0
 1036 0001 00       		.byte	0
 1037 0002 40       		.byte	64
 1038 0003 05       		.byte	5
 1039              		.section	.cymeta,"a",%progbits
 1040              		.align	2
 1041              		.type	cy_metadata, %object
 1042              		.size	cy_metadata, 12
 1043              	cy_metadata:
 1044 0000 00       		.byte	0
 1045 0001 01       		.byte	1
 1046 0002 2E       		.byte	46
 1047 0003 16       		.byte	22
 1048 0004 10       		.byte	16
 1049 0005 69       		.byte	105
 1050 0006 00       		.byte	0
 1051 0007 01       		.byte	1
 1052 0008 00       		.byte	0
 1053 0009 00       		.byte	0
 1054 000a 00       		.byte	0
 1055 000b 00       		.byte	0
 1056              		.section	.cyflashprotect,"a",%progbits
 1057              		.align	2
 1058              		.type	cy_meta_flashprotect, %object
 1059              		.size	cy_meta_flashprotect, 256
 1060              	cy_meta_flashprotect:
 1061 0000 00000000 		.space	256
 1061      00000000 
 1061      00000000 
 1061      00000000 
 1061      00000000 
 1062              		.text
 1063              	.Letext0:
 1064              		.file 1 "c:\\program files (x86)\\cypress\\psoc creator\\4.4\\psoc creator\\import\\gnu\\arm\\5.4.
 1065              		.file 2 "c:\\program files (x86)\\cypress\\psoc creator\\4.4\\psoc creator\\import\\gnu\\arm\\5.4.
 1066              		.file 3 "Generated_Source\\PSoC5\\cymetadata.c"
 1067              		.section	.debug_info,"",%progbits
 1068              	.Ldebug_info0:
 1069 0000 31010000 		.4byte	0x131
 1070 0004 0400     		.2byte	0x4
 1071 0006 00000000 		.4byte	.Ldebug_abbrev0
 1072 000a 04       		.byte	0x4
 1073 000b 01       		.uleb128 0x1
 1074 000c 24000000 		.4byte	.LASF17
 1075 0010 0C       		.byte	0xc
 1076 0011 CE010000 		.4byte	.LASF18
 1077 0015 5F010000 		.4byte	.LASF19
 1078 0019 00000000 		.4byte	.Ldebug_line0
 1079 001d 02       		.uleb128 0x2
ARM GAS  C:\Users\andre\AppData\Local\Temp\ccFagIng.s 			page 20


 1080 001e 01       		.byte	0x1
 1081 001f 06       		.byte	0x6
 1082 0020 C2010000 		.4byte	.LASF0
 1083 0024 03       		.uleb128 0x3
 1084 0025 00000000 		.4byte	.LASF9
 1085 0029 01       		.byte	0x1
 1086 002a 1D       		.byte	0x1d
 1087 002b 2F000000 		.4byte	0x2f
 1088 002f 02       		.uleb128 0x2
 1089 0030 01       		.byte	0x1
 1090 0031 08       		.byte	0x8
 1091 0032 16000000 		.4byte	.LASF1
 1092 0036 02       		.uleb128 0x2
 1093 0037 02       		.byte	0x2
 1094 0038 05       		.byte	0x5
 1095 0039 AF010000 		.4byte	.LASF2
 1096 003d 02       		.uleb128 0x2
 1097 003e 02       		.byte	0x2
 1098 003f 07       		.byte	0x7
 1099 0040 C4000000 		.4byte	.LASF3
 1100 0044 02       		.uleb128 0x2
 1101 0045 04       		.byte	0x4
 1102 0046 05       		.byte	0x5
 1103 0047 B9010000 		.4byte	.LASF4
 1104 004b 02       		.uleb128 0x2
 1105 004c 04       		.byte	0x4
 1106 004d 07       		.byte	0x7
 1107 004e B2000000 		.4byte	.LASF5
 1108 0052 02       		.uleb128 0x2
 1109 0053 08       		.byte	0x8
 1110 0054 05       		.byte	0x5
 1111 0055 51010000 		.4byte	.LASF6
 1112 0059 02       		.uleb128 0x2
 1113 005a 08       		.byte	0x8
 1114 005b 07       		.byte	0x7
 1115 005c 06010000 		.4byte	.LASF7
 1116 0060 04       		.uleb128 0x4
 1117 0061 04       		.byte	0x4
 1118 0062 05       		.byte	0x5
 1119 0063 696E7400 		.ascii	"int\000"
 1120 0067 02       		.uleb128 0x2
 1121 0068 04       		.byte	0x4
 1122 0069 07       		.byte	0x7
 1123 006a F9000000 		.4byte	.LASF8
 1124 006e 03       		.uleb128 0x3
 1125 006f 1D010000 		.4byte	.LASF10
 1126 0073 02       		.byte	0x2
 1127 0074 18       		.byte	0x18
 1128 0075 24000000 		.4byte	0x24
 1129 0079 05       		.uleb128 0x5
 1130 007a 91000000 		.4byte	0x91
 1131 007e 8A000000 		.4byte	0x8a
 1132 0082 06       		.uleb128 0x6
 1133 0083 8A000000 		.4byte	0x8a
 1134 0087 DF03     		.2byte	0x3df
 1135 0089 00       		.byte	0
 1136 008a 02       		.uleb128 0x2
ARM GAS  C:\Users\andre\AppData\Local\Temp\ccFagIng.s 			page 21


 1137 008b 04       		.byte	0x4
 1138 008c 07       		.byte	0x7
 1139 008d 48010000 		.4byte	.LASF11
 1140 0091 07       		.uleb128 0x7
 1141 0092 6E000000 		.4byte	0x6e
 1142 0096 08       		.uleb128 0x8
 1143 0097 E7000000 		.4byte	.LASF12
 1144 009b 03       		.byte	0x3
 1145 009c 1F       		.byte	0x1f
 1146 009d A7000000 		.4byte	0xa7
 1147 00a1 05       		.uleb128 0x5
 1148 00a2 03       		.byte	0x3
 1149 00a3 00000000 		.4byte	cy_meta_configecc
 1150 00a7 07       		.uleb128 0x7
 1151 00a8 79000000 		.4byte	0x79
 1152 00ac 05       		.uleb128 0x5
 1153 00ad 91000000 		.4byte	0x91
 1154 00b1 BC000000 		.4byte	0xbc
 1155 00b5 09       		.uleb128 0x9
 1156 00b6 8A000000 		.4byte	0x8a
 1157 00ba 03       		.byte	0x3
 1158 00bb 00       		.byte	0
 1159 00bc 08       		.uleb128 0x8
 1160 00bd D7000000 		.4byte	.LASF13
 1161 00c1 03       		.byte	0x3
 1162 00c2 A8       		.byte	0xa8
 1163 00c3 CD000000 		.4byte	0xcd
 1164 00c7 05       		.uleb128 0x5
 1165 00c8 03       		.byte	0x3
 1166 00c9 00000000 		.4byte	cy_meta_custnvl
 1167 00cd 07       		.uleb128 0x7
 1168 00ce AC000000 		.4byte	0xac
 1169 00d2 08       		.uleb128 0x8
 1170 00d3 3A010000 		.4byte	.LASF14
 1171 00d7 03       		.byte	0x3
 1172 00d8 B6       		.byte	0xb6
 1173 00d9 E3000000 		.4byte	0xe3
 1174 00dd 05       		.uleb128 0x5
 1175 00de 03       		.byte	0x3
 1176 00df 00000000 		.4byte	cy_meta_wonvl
 1177 00e3 07       		.uleb128 0x7
 1178 00e4 AC000000 		.4byte	0xac
 1179 00e8 05       		.uleb128 0x5
 1180 00e9 91000000 		.4byte	0x91
 1181 00ed F8000000 		.4byte	0xf8
 1182 00f1 09       		.uleb128 0x9
 1183 00f2 8A000000 		.4byte	0x8a
 1184 00f6 FF       		.byte	0xff
 1185 00f7 00       		.byte	0
 1186 00f8 08       		.uleb128 0x8
 1187 00f9 25010000 		.4byte	.LASF15
 1188 00fd 03       		.byte	0x3
 1189 00fe C4       		.byte	0xc4
 1190 00ff 09010000 		.4byte	0x109
 1191 0103 05       		.uleb128 0x5
 1192 0104 03       		.byte	0x3
 1193 0105 00000000 		.4byte	cy_meta_flashprotect
ARM GAS  C:\Users\andre\AppData\Local\Temp\ccFagIng.s 			page 22


 1194 0109 07       		.uleb128 0x7
 1195 010a E8000000 		.4byte	0xe8
 1196 010e 05       		.uleb128 0x5
 1197 010f 91000000 		.4byte	0x91
 1198 0113 1E010000 		.4byte	0x11e
 1199 0117 09       		.uleb128 0x9
 1200 0118 8A000000 		.4byte	0x8a
 1201 011c 0B       		.byte	0xb
 1202 011d 00       		.byte	0
 1203 011e 08       		.uleb128 0x8
 1204 011f 0A000000 		.4byte	.LASF16
 1205 0123 03       		.byte	0x3
 1206 0124 F1       		.byte	0xf1
 1207 0125 2F010000 		.4byte	0x12f
 1208 0129 05       		.uleb128 0x5
 1209 012a 03       		.byte	0x3
 1210 012b 00000000 		.4byte	cy_metadata
 1211 012f 07       		.uleb128 0x7
 1212 0130 0E010000 		.4byte	0x10e
 1213 0134 00       		.byte	0
 1214              		.section	.debug_abbrev,"",%progbits
 1215              	.Ldebug_abbrev0:
 1216 0000 01       		.uleb128 0x1
 1217 0001 11       		.uleb128 0x11
 1218 0002 01       		.byte	0x1
 1219 0003 25       		.uleb128 0x25
 1220 0004 0E       		.uleb128 0xe
 1221 0005 13       		.uleb128 0x13
 1222 0006 0B       		.uleb128 0xb
 1223 0007 03       		.uleb128 0x3
 1224 0008 0E       		.uleb128 0xe
 1225 0009 1B       		.uleb128 0x1b
 1226 000a 0E       		.uleb128 0xe
 1227 000b 10       		.uleb128 0x10
 1228 000c 17       		.uleb128 0x17
 1229 000d 00       		.byte	0
 1230 000e 00       		.byte	0
 1231 000f 02       		.uleb128 0x2
 1232 0010 24       		.uleb128 0x24
 1233 0011 00       		.byte	0
 1234 0012 0B       		.uleb128 0xb
 1235 0013 0B       		.uleb128 0xb
 1236 0014 3E       		.uleb128 0x3e
 1237 0015 0B       		.uleb128 0xb
 1238 0016 03       		.uleb128 0x3
 1239 0017 0E       		.uleb128 0xe
 1240 0018 00       		.byte	0
 1241 0019 00       		.byte	0
 1242 001a 03       		.uleb128 0x3
 1243 001b 16       		.uleb128 0x16
 1244 001c 00       		.byte	0
 1245 001d 03       		.uleb128 0x3
 1246 001e 0E       		.uleb128 0xe
 1247 001f 3A       		.uleb128 0x3a
 1248 0020 0B       		.uleb128 0xb
 1249 0021 3B       		.uleb128 0x3b
 1250 0022 0B       		.uleb128 0xb
ARM GAS  C:\Users\andre\AppData\Local\Temp\ccFagIng.s 			page 23


 1251 0023 49       		.uleb128 0x49
 1252 0024 13       		.uleb128 0x13
 1253 0025 00       		.byte	0
 1254 0026 00       		.byte	0
 1255 0027 04       		.uleb128 0x4
 1256 0028 24       		.uleb128 0x24
 1257 0029 00       		.byte	0
 1258 002a 0B       		.uleb128 0xb
 1259 002b 0B       		.uleb128 0xb
 1260 002c 3E       		.uleb128 0x3e
 1261 002d 0B       		.uleb128 0xb
 1262 002e 03       		.uleb128 0x3
 1263 002f 08       		.uleb128 0x8
 1264 0030 00       		.byte	0
 1265 0031 00       		.byte	0
 1266 0032 05       		.uleb128 0x5
 1267 0033 01       		.uleb128 0x1
 1268 0034 01       		.byte	0x1
 1269 0035 49       		.uleb128 0x49
 1270 0036 13       		.uleb128 0x13
 1271 0037 01       		.uleb128 0x1
 1272 0038 13       		.uleb128 0x13
 1273 0039 00       		.byte	0
 1274 003a 00       		.byte	0
 1275 003b 06       		.uleb128 0x6
 1276 003c 21       		.uleb128 0x21
 1277 003d 00       		.byte	0
 1278 003e 49       		.uleb128 0x49
 1279 003f 13       		.uleb128 0x13
 1280 0040 2F       		.uleb128 0x2f
 1281 0041 05       		.uleb128 0x5
 1282 0042 00       		.byte	0
 1283 0043 00       		.byte	0
 1284 0044 07       		.uleb128 0x7
 1285 0045 26       		.uleb128 0x26
 1286 0046 00       		.byte	0
 1287 0047 49       		.uleb128 0x49
 1288 0048 13       		.uleb128 0x13
 1289 0049 00       		.byte	0
 1290 004a 00       		.byte	0
 1291 004b 08       		.uleb128 0x8
 1292 004c 34       		.uleb128 0x34
 1293 004d 00       		.byte	0
 1294 004e 03       		.uleb128 0x3
 1295 004f 0E       		.uleb128 0xe
 1296 0050 3A       		.uleb128 0x3a
 1297 0051 0B       		.uleb128 0xb
 1298 0052 3B       		.uleb128 0x3b
 1299 0053 0B       		.uleb128 0xb
 1300 0054 49       		.uleb128 0x49
 1301 0055 13       		.uleb128 0x13
 1302 0056 3F       		.uleb128 0x3f
 1303 0057 19       		.uleb128 0x19
 1304 0058 02       		.uleb128 0x2
 1305 0059 18       		.uleb128 0x18
 1306 005a 00       		.byte	0
 1307 005b 00       		.byte	0
ARM GAS  C:\Users\andre\AppData\Local\Temp\ccFagIng.s 			page 24


 1308 005c 09       		.uleb128 0x9
 1309 005d 21       		.uleb128 0x21
 1310 005e 00       		.byte	0
 1311 005f 49       		.uleb128 0x49
 1312 0060 13       		.uleb128 0x13
 1313 0061 2F       		.uleb128 0x2f
 1314 0062 0B       		.uleb128 0xb
 1315 0063 00       		.byte	0
 1316 0064 00       		.byte	0
 1317 0065 00       		.byte	0
 1318              		.section	.debug_aranges,"",%progbits
 1319 0000 14000000 		.4byte	0x14
 1320 0004 0200     		.2byte	0x2
 1321 0006 00000000 		.4byte	.Ldebug_info0
 1322 000a 04       		.byte	0x4
 1323 000b 00       		.byte	0
 1324 000c 0000     		.2byte	0
 1325 000e 0000     		.2byte	0
 1326 0010 00000000 		.4byte	0
 1327 0014 00000000 		.4byte	0
 1328              		.section	.debug_line,"",%progbits
 1329              	.Ldebug_line0:
 1330 0000 3D010000 		.section	.debug_str,"MS",%progbits,1
 1330      02003701 
 1330      00000201 
 1330      FB0E0D00 
 1330      01010101 
 1331              	.LASF9:
 1332 0000 5F5F7569 		.ascii	"__uint8_t\000"
 1332      6E74385F 
 1332      7400
 1333              	.LASF16:
 1334 000a 63795F6D 		.ascii	"cy_metadata\000"
 1334      65746164 
 1334      61746100 
 1335              	.LASF1:
 1336 0016 756E7369 		.ascii	"unsigned char\000"
 1336      676E6564 
 1336      20636861 
 1336      7200
 1337              	.LASF17:
 1338 0024 474E5520 		.ascii	"GNU C11 5.4.1 20160609 (release) [ARM/embedded-5-br"
 1338      43313120 
 1338      352E342E 
 1338      31203230 
 1338      31363036 
 1339 0057 616E6368 		.ascii	"anch revision 237715] -mcpu=cortex-m3 -mthumb -g -O"
 1339      20726576 
 1339      6973696F 
 1339      6E203233 
 1339      37373135 
 1340 008a 67202D66 		.ascii	"g -ffunction-sections -ffat-lto-objects\000"
 1340      66756E63 
 1340      74696F6E 
 1340      2D736563 
 1340      74696F6E 
 1341              	.LASF5:
ARM GAS  C:\Users\andre\AppData\Local\Temp\ccFagIng.s 			page 25


 1342 00b2 6C6F6E67 		.ascii	"long unsigned int\000"
 1342      20756E73 
 1342      69676E65 
 1342      6420696E 
 1342      7400
 1343              	.LASF3:
 1344 00c4 73686F72 		.ascii	"short unsigned int\000"
 1344      7420756E 
 1344      7369676E 
 1344      65642069 
 1344      6E7400
 1345              	.LASF13:
 1346 00d7 63795F6D 		.ascii	"cy_meta_custnvl\000"
 1346      6574615F 
 1346      63757374 
 1346      6E766C00 
 1347              	.LASF12:
 1348 00e7 63795F6D 		.ascii	"cy_meta_configecc\000"
 1348      6574615F 
 1348      636F6E66 
 1348      69676563 
 1348      6300
 1349              	.LASF8:
 1350 00f9 756E7369 		.ascii	"unsigned int\000"
 1350      676E6564 
 1350      20696E74 
 1350      00
 1351              	.LASF7:
 1352 0106 6C6F6E67 		.ascii	"long long unsigned int\000"
 1352      206C6F6E 
 1352      6720756E 
 1352      7369676E 
 1352      65642069 
 1353              	.LASF10:
 1354 011d 75696E74 		.ascii	"uint8_t\000"
 1354      385F7400 
 1355              	.LASF15:
 1356 0125 63795F6D 		.ascii	"cy_meta_flashprotect\000"
 1356      6574615F 
 1356      666C6173 
 1356      6870726F 
 1356      74656374 
 1357              	.LASF14:
 1358 013a 63795F6D 		.ascii	"cy_meta_wonvl\000"
 1358      6574615F 
 1358      776F6E76 
 1358      6C00
 1359              	.LASF11:
 1360 0148 73697A65 		.ascii	"sizetype\000"
 1360      74797065 
 1360      00
 1361              	.LASF6:
 1362 0151 6C6F6E67 		.ascii	"long long int\000"
 1362      206C6F6E 
 1362      6720696E 
 1362      7400
 1363              	.LASF19:
ARM GAS  C:\Users\andre\AppData\Local\Temp\ccFagIng.s 			page 26


 1364 015f 433A5C55 		.ascii	"C:\\Users\\andre\\OneDrive\\Documentos\\PSoC Creato"
 1364      73657273 
 1364      5C616E64 
 1364      72655C4F 
 1364      6E654472 
 1365 018d 725C4C61 		.ascii	"r\\Laboratorio2\\Laboratorio2.cydsn\000"
 1365      626F7261 
 1365      746F7269 
 1365      6F325C4C 
 1365      61626F72 
 1366              	.LASF2:
 1367 01af 73686F72 		.ascii	"short int\000"
 1367      7420696E 
 1367      7400
 1368              	.LASF4:
 1369 01b9 6C6F6E67 		.ascii	"long int\000"
 1369      20696E74 
 1369      00
 1370              	.LASF0:
 1371 01c2 7369676E 		.ascii	"signed char\000"
 1371      65642063 
 1371      68617200 
 1372              	.LASF18:
 1373 01ce 47656E65 		.ascii	"Generated_Source\\PSoC5\\cymetadata.c\000"
 1373      72617465 
 1373      645F536F 
 1373      75726365 
 1373      5C50536F 
 1374              		.ident	"GCC: (GNU Tools for ARM Embedded Processors) 5.4.1 20160609 (release) [ARM/embedded-5-bran
