ARM GAS  C:\Users\andre\AppData\Local\Temp\ccdKzkkC.s 			page 1


   1              		.syntax unified
   2              		.cpu cortex-m3
   3              		.fpu softvfp
   4              		.eabi_attribute 20, 1
   5              		.eabi_attribute 21, 1
   6              		.eabi_attribute 23, 3
   7              		.eabi_attribute 24, 1
   8              		.eabi_attribute 25, 1
   9              		.eabi_attribute 26, 1
  10              		.eabi_attribute 30, 1
  11              		.eabi_attribute 34, 1
  12              		.eabi_attribute 18, 4
  13              		.thumb
  14              		.syntax unified
  15              		.file	"main.c"
  16              		.text
  17              	.Ltext0:
  18              		.cfi_sections	.debug_frame
  19              		.section	.text.Lectura_Boton,"ax",%progbits
  20              		.align	2
  21              		.global	Lectura_Boton
  22              		.thumb
  23              		.thumb_func
  24              		.type	Lectura_Boton, %function
  25              	Lectura_Boton:
  26              	.LFB64:
  27              		.file 1 "main.c"
   1:main.c        **** /* ========================================
   2:main.c        ****  *
   3:main.c        ****  * Copyright YOUR COMPANY, THE YEAR
   4:main.c        ****  * All Rights Reserved
   5:main.c        ****  * UNPUBLISHED, LICENSED SOFTWARE.
   6:main.c        ****  *
   7:main.c        ****  * CONFIDENTIAL AND PROPRIETARY INFORMATION
   8:main.c        ****  * WHICH IS THE PROPERTY OF your company.
   9:main.c        ****  *
  10:main.c        ****  * ========================================
  11:main.c        **** */
  12:main.c        **** #include "project.h"
  13:main.c        **** #include "stdio.h"
  14:main.c        **** #include "stdlib.h"
  15:main.c        **** 
  16:main.c        **** uint8 Estado_motor=0;
  17:main.c        **** uint8 Boton_actual=0;
  18:main.c        **** uint8 Boton_anterior=0;
  19:main.c        **** uint8 pwm_value = 0;
  20:main.c        **** char buffer_uart[5];
  21:main.c        **** 
  22:main.c        **** 
  23:main.c        **** void Lectura_Boton(){
  28              		.loc 1 23 0
  29              		.cfi_startproc
  30              		@ args = 0, pretend = 0, frame = 0
  31              		@ frame_needed = 0, uses_anonymous_args = 0
  32 0000 08B5     		push	{r3, lr}
  33              		.cfi_def_cfa_offset 8
  34              		.cfi_offset 3, -8
ARM GAS  C:\Users\andre\AppData\Local\Temp\ccdKzkkC.s 			page 2


  35              		.cfi_offset 14, -4
  24:main.c        ****     Boton_actual = Button_Read();
  36              		.loc 1 24 0
  37 0002 FFF7FEFF 		bl	Button_Read
  38              	.LVL0:
  39 0006 0D4B     		ldr	r3, .L5
  40 0008 1870     		strb	r0, [r3]
  25:main.c        ****     
  26:main.c        ****     if (Boton_actual == 0){
  41              		.loc 1 26 0
  42 000a B0B9     		cbnz	r0, .L1
  27:main.c        ****         CyDelay(100);
  43              		.loc 1 27 0
  44 000c 6420     		movs	r0, #100
  45 000e FFF7FEFF 		bl	CyDelay
  46              	.LVL1:
  28:main.c        ****         Boton_actual = Button_Read();
  47              		.loc 1 28 0
  48 0012 FFF7FEFF 		bl	Button_Read
  49              	.LVL2:
  50 0016 094B     		ldr	r3, .L5
  51 0018 1870     		strb	r0, [r3]
  29:main.c        ****         
  30:main.c        ****         if (Boton_anterior==1 && Boton_actual==0){
  52              		.loc 1 30 0
  53 001a 5B78     		ldrb	r3, [r3, #1]	@ zero_extendqisi2
  54 001c 012B     		cmp	r3, #1
  55 001e 0AD1     		bne	.L3
  56              		.loc 1 30 0 is_stmt 0 discriminator 1
  57 0020 48B9     		cbnz	r0, .L3
  31:main.c        ****             Estado_motor++;
  58              		.loc 1 31 0 is_stmt 1
  59 0022 064A     		ldr	r2, .L5
  60 0024 9378     		ldrb	r3, [r2, #2]	@ zero_extendqisi2
  61 0026 0133     		adds	r3, r3, #1
  62 0028 DBB2     		uxtb	r3, r3
  63 002a 9370     		strb	r3, [r2, #2]
  32:main.c        ****             if (Estado_motor >2){
  64              		.loc 1 32 0
  65 002c 022B     		cmp	r3, #2
  66 002e 02D9     		bls	.L3
  33:main.c        ****                 Estado_motor=0;
  67              		.loc 1 33 0
  68 0030 0022     		movs	r2, #0
  69 0032 024B     		ldr	r3, .L5
  70 0034 9A70     		strb	r2, [r3, #2]
  71              	.L3:
  34:main.c        ****             }
  35:main.c        ****         } 
  36:main.c        ****         Boton_anterior= Boton_actual;
  72              		.loc 1 36 0
  73 0036 014B     		ldr	r3, .L5
  74 0038 5870     		strb	r0, [r3, #1]
  75              	.L1:
  76 003a 08BD     		pop	{r3, pc}
  77              	.L6:
  78              		.align	2
ARM GAS  C:\Users\andre\AppData\Local\Temp\ccdKzkkC.s 			page 3


  79              	.L5:
  80 003c 00000000 		.word	.LANCHOR0
  81              		.cfi_endproc
  82              	.LFE64:
  83              		.size	Lectura_Boton, .-Lectura_Boton
  84              		.section	.text.Lectura_Serial,"ax",%progbits
  85              		.align	2
  86              		.global	Lectura_Serial
  87              		.thumb
  88              		.thumb_func
  89              		.type	Lectura_Serial, %function
  90              	Lectura_Serial:
  91              	.LFB65:
  37:main.c        ****     }
  38:main.c        **** }
  39:main.c        **** 
  40:main.c        **** void Lectura_Serial(char direccion){
  92              		.loc 1 40 0
  93              		.cfi_startproc
  94              		@ args = 0, pretend = 0, frame = 0
  95              		@ frame_needed = 0, uses_anonymous_args = 0
  96              	.LVL3:
  97 0000 10B5     		push	{r4, lr}
  98              		.cfi_def_cfa_offset 8
  99              		.cfi_offset 4, -8
 100              		.cfi_offset 14, -4
 101 0002 0446     		mov	r4, r0
  41:main.c        ****     
  42:main.c        ****     if (direccion == 'S'){//stop
 102              		.loc 1 42 0
 103 0004 5328     		cmp	r0, #83
 104 0006 05D1     		bne	.L8
  43:main.c        ****         IN3_Write(0);
 105              		.loc 1 43 0
 106 0008 0020     		movs	r0, #0
 107              	.LVL4:
 108 000a FFF7FEFF 		bl	IN3_Write
 109              	.LVL5:
  44:main.c        ****         IN4_Write(0);
 110              		.loc 1 44 0
 111 000e 0020     		movs	r0, #0
 112 0010 FFF7FEFF 		bl	IN4_Write
 113              	.LVL6:
 114              	.L8:
  45:main.c        ****     }
  46:main.c        ****     if (direccion == 'I'){//Izquierda
 115              		.loc 1 46 0
 116 0014 492C     		cmp	r4, #73
 117 0016 05D1     		bne	.L9
  47:main.c        ****         IN3_Write(1);
 118              		.loc 1 47 0
 119 0018 0120     		movs	r0, #1
 120 001a FFF7FEFF 		bl	IN3_Write
 121              	.LVL7:
  48:main.c        ****         IN4_Write(0);
 122              		.loc 1 48 0
 123 001e 0020     		movs	r0, #0
ARM GAS  C:\Users\andre\AppData\Local\Temp\ccdKzkkC.s 			page 4


 124 0020 FFF7FEFF 		bl	IN4_Write
 125              	.LVL8:
 126              	.L9:
  49:main.c        ****     }
  50:main.c        ****     if (direccion == 'D'){//Derecha
 127              		.loc 1 50 0
 128 0024 442C     		cmp	r4, #68
 129 0026 05D1     		bne	.L7
  51:main.c        ****         IN3_Write(0);
 130              		.loc 1 51 0
 131 0028 0020     		movs	r0, #0
 132 002a FFF7FEFF 		bl	IN3_Write
 133              	.LVL9:
  52:main.c        ****         IN4_Write(1);  
 134              		.loc 1 52 0
 135 002e 0120     		movs	r0, #1
 136 0030 FFF7FEFF 		bl	IN4_Write
 137              	.LVL10:
 138              	.L7:
 139 0034 10BD     		pop	{r4, pc}
 140              		.cfi_endproc
 141              	.LFE65:
 142              		.size	Lectura_Serial, .-Lectura_Serial
 143 0036 00BF     		.section	.text.Direccion,"ax",%progbits
 144              		.align	2
 145              		.global	Direccion
 146              		.thumb
 147              		.thumb_func
 148              		.type	Direccion, %function
 149              	Direccion:
 150              	.LFB66:
  53:main.c        ****     }
  54:main.c        ****     direccion = '\0';
  55:main.c        ****  
  56:main.c        **** }
  57:main.c        **** 
  58:main.c        **** void Direccion(){
 151              		.loc 1 58 0
 152              		.cfi_startproc
 153              		@ args = 0, pretend = 0, frame = 0
 154              		@ frame_needed = 0, uses_anonymous_args = 0
 155 0000 08B5     		push	{r3, lr}
 156              		.cfi_def_cfa_offset 8
 157              		.cfi_offset 3, -8
 158              		.cfi_offset 14, -4
  59:main.c        ****     
  60:main.c        ****     if (Estado_motor == 0){//stop
 159              		.loc 1 60 0
 160 0002 0F4B     		ldr	r3, .L17
 161 0004 9B78     		ldrb	r3, [r3, #2]	@ zero_extendqisi2
 162 0006 2BB9     		cbnz	r3, .L13
  61:main.c        ****         IN3_Write(0);
 163              		.loc 1 61 0
 164 0008 0020     		movs	r0, #0
 165 000a FFF7FEFF 		bl	IN3_Write
 166              	.LVL11:
  62:main.c        ****         IN4_Write(0);
ARM GAS  C:\Users\andre\AppData\Local\Temp\ccdKzkkC.s 			page 5


 167              		.loc 1 62 0
 168 000e 0020     		movs	r0, #0
 169 0010 FFF7FEFF 		bl	IN4_Write
 170              	.LVL12:
 171              	.L13:
  63:main.c        ****     }
  64:main.c        ****     if (Estado_motor == 1){//Izquierda
 172              		.loc 1 64 0
 173 0014 0A4B     		ldr	r3, .L17
 174 0016 9B78     		ldrb	r3, [r3, #2]	@ zero_extendqisi2
 175 0018 012B     		cmp	r3, #1
 176 001a 05D1     		bne	.L14
  65:main.c        ****         IN3_Write(1);
 177              		.loc 1 65 0
 178 001c 0120     		movs	r0, #1
 179 001e FFF7FEFF 		bl	IN3_Write
 180              	.LVL13:
  66:main.c        ****         IN4_Write(0);
 181              		.loc 1 66 0
 182 0022 0020     		movs	r0, #0
 183 0024 FFF7FEFF 		bl	IN4_Write
 184              	.LVL14:
 185              	.L14:
  67:main.c        ****     }
  68:main.c        ****     if (Estado_motor == 2){//Derecha
 186              		.loc 1 68 0
 187 0028 054B     		ldr	r3, .L17
 188 002a 9B78     		ldrb	r3, [r3, #2]	@ zero_extendqisi2
 189 002c 022B     		cmp	r3, #2
 190 002e 05D1     		bne	.L12
  69:main.c        ****         IN3_Write(0);
 191              		.loc 1 69 0
 192 0030 0020     		movs	r0, #0
 193 0032 FFF7FEFF 		bl	IN3_Write
 194              	.LVL15:
  70:main.c        ****         IN4_Write(1);
 195              		.loc 1 70 0
 196 0036 0120     		movs	r0, #1
 197 0038 FFF7FEFF 		bl	IN4_Write
 198              	.LVL16:
 199              	.L12:
 200 003c 08BD     		pop	{r3, pc}
 201              	.L18:
 202 003e 00BF     		.align	2
 203              	.L17:
 204 0040 00000000 		.word	.LANCHOR0
 205              		.cfi_endproc
 206              	.LFE66:
 207              		.size	Direccion, .-Direccion
 208              		.section	.text.comunicacion_serial,"ax",%progbits
 209              		.align	2
 210              		.global	comunicacion_serial
 211              		.thumb
 212              		.thumb_func
 213              		.type	comunicacion_serial, %function
 214              	comunicacion_serial:
 215              	.LFB67:
ARM GAS  C:\Users\andre\AppData\Local\Temp\ccdKzkkC.s 			page 6


  71:main.c        ****        
  72:main.c        ****     }
  73:main.c        **** }
  74:main.c        **** 
  75:main.c        **** void comunicacion_serial(){
 216              		.loc 1 75 0
 217              		.cfi_startproc
 218              		@ args = 0, pretend = 0, frame = 0
 219              		@ frame_needed = 0, uses_anonymous_args = 0
 220 0000 38B5     		push	{r3, r4, r5, lr}
 221              		.cfi_def_cfa_offset 16
 222              		.cfi_offset 3, -16
 223              		.cfi_offset 4, -12
 224              		.cfi_offset 5, -8
 225              		.cfi_offset 14, -4
 226              	.LVL17:
  76:main.c        ****     uint8 i=0;
  77:main.c        ****     char caracteres;
  78:main.c        ****     char sentido=0;
  79:main.c        ****     if (UART_GetRxBufferSize()>0){
 227              		.loc 1 79 0
 228 0002 FFF7FEFF 		bl	UART_GetRxBufferSize
 229              	.LVL18:
 230 0006 E8B1     		cbz	r0, .L19
 231 0008 0025     		movs	r5, #0
 232 000a 2C46     		mov	r4, r5
 233              	.LVL19:
 234              	.L23:
  80:main.c        ****         while (1){
  81:main.c        ****            caracteres = UART_GetChar();
 235              		.loc 1 81 0
 236 000c FFF7FEFF 		bl	UART_GetChar
 237              	.LVL20:
  82:main.c        ****            if (caracteres == '\n'){
 238              		.loc 1 82 0
 239 0010 0A28     		cmp	r0, #10
 240 0012 14D0     		beq	.L21
  83:main.c        ****                 break;
  84:main.c        ****             }
  85:main.c        ****             if (caracteres != 0){
 241              		.loc 1 85 0
 242 0014 30B1     		cbz	r0, .L22
  86:main.c        ****             
  87:main.c        ****                 buffer_uart[i++] = caracteres;
 243              		.loc 1 87 0
 244 0016 631C     		adds	r3, r4, #1
 245 0018 DBB2     		uxtb	r3, r3
 246              	.LVL21:
 247 001a 0B4A     		ldr	r2, .L25
 248 001c 1055     		strb	r0, [r2, r4]
  88:main.c        ****                 
  89:main.c        ****                 if (i > 4){
 249              		.loc 1 89 0
 250 001e 042B     		cmp	r3, #4
 251 0020 0DD8     		bhi	.L21
  87:main.c        ****                 
 252              		.loc 1 87 0
ARM GAS  C:\Users\andre\AppData\Local\Temp\ccdKzkkC.s 			page 7


 253 0022 1C46     		mov	r4, r3
 254              	.LVL22:
 255              	.L22:
  90:main.c        ****                   break;
  91:main.c        ****                 }}
  92:main.c        ****         buffer_uart[i] = '\0';  
 256              		.loc 1 92 0
 257 0024 0848     		ldr	r0, .L25
 258              	.LVL23:
 259 0026 0023     		movs	r3, #0
 260 0028 0355     		strb	r3, [r0, r4]
  93:main.c        ****         sentido = buffer_uart[0];
 261              		.loc 1 93 0
 262 002a 10F8015B 		ldrb	r5, [r0], #1	@ zero_extendqisi2
 263              	.LVL24:
  94:main.c        ****         pwm_value = atoi(&buffer_uart[1]);
 264              		.loc 1 94 0
 265 002e FFF7FEFF 		bl	atoi
 266              	.LVL25:
 267 0032 C0B2     		uxtb	r0, r0
 268 0034 054B     		ldr	r3, .L25+4
 269 0036 D870     		strb	r0, [r3, #3]
  95:main.c        ****         PWM_WriteCompare(pwm_value);
 270              		.loc 1 95 0
 271 0038 FFF7FEFF 		bl	PWM_WriteCompare
 272              	.LVL26:
  96:main.c        ****         //Lectura_Serial(sentido);
  97:main.c        ****         }
 273              		.loc 1 97 0
 274 003c E6E7     		b	.L23
 275              	.LVL27:
 276              	.L21:
  98:main.c        ****        Lectura_Serial(sentido);
 277              		.loc 1 98 0
 278 003e 2846     		mov	r0, r5
 279              	.LVL28:
 280 0040 FFF7FEFF 		bl	Lectura_Serial
 281              	.LVL29:
 282              	.L19:
 283 0044 38BD     		pop	{r3, r4, r5, pc}
 284              	.L26:
 285 0046 00BF     		.align	2
 286              	.L25:
 287 0048 00000000 		.word	buffer_uart
 288 004c 00000000 		.word	.LANCHOR0
 289              		.cfi_endproc
 290              	.LFE67:
 291              		.size	comunicacion_serial, .-comunicacion_serial
 292              		.section	.text.velocidad,"ax",%progbits
 293              		.align	2
 294              		.global	velocidad
 295              		.thumb
 296              		.thumb_func
 297              		.type	velocidad, %function
 298              	velocidad:
 299              	.LFB68:
  99:main.c        ****     }    
ARM GAS  C:\Users\andre\AppData\Local\Temp\ccdKzkkC.s 			page 8


 100:main.c        **** }
 101:main.c        **** 
 102:main.c        **** void velocidad (){
 300              		.loc 1 102 0
 301              		.cfi_startproc
 302              		@ args = 0, pretend = 0, frame = 0
 303              		@ frame_needed = 0, uses_anonymous_args = 0
 304              		@ link register save eliminated.
 305 0000 7047     		bx	lr
 306              		.cfi_endproc
 307              	.LFE68:
 308              		.size	velocidad, .-velocidad
 309 0002 00BF     		.section	.text.main,"ax",%progbits
 310              		.align	2
 311              		.global	main
 312              		.thumb
 313              		.thumb_func
 314              		.type	main, %function
 315              	main:
 316              	.LFB69:
 103:main.c        **** 
 104:main.c        **** 
 105:main.c        **** }
 106:main.c        **** 
 107:main.c        **** int main(void)
 108:main.c        **** {
 317              		.loc 1 108 0
 318              		.cfi_startproc
 319              		@ Volatile: function does not return.
 320              		@ args = 0, pretend = 0, frame = 0
 321              		@ frame_needed = 0, uses_anonymous_args = 0
 322              		.loc 1 108 0
 323 0000 08B5     		push	{r3, lr}
 324              		.cfi_def_cfa_offset 8
 325              		.cfi_offset 3, -8
 326              		.cfi_offset 14, -4
 109:main.c        ****     CyGlobalIntEnable; /* Enable global interrupts. */
 327              		.loc 1 109 0
 328              		.syntax unified
 329              	@ 109 "main.c" 1
 330 0002 62B6     		CPSIE   i
 331              	@ 0 "" 2
 110:main.c        **** 
 111:main.c        ****     /* Place your initialization/startup code here (e.g. MyInst_Start()) */
 112:main.c        ****     PWM_Start();
 332              		.loc 1 112 0
 333              		.thumb
 334              		.syntax unified
 335 0004 FFF7FEFF 		bl	PWM_Start
 336              	.LVL30:
 113:main.c        ****     UART_Start();
 337              		.loc 1 113 0
 338 0008 FFF7FEFF 		bl	UART_Start
 339              	.LVL31:
 114:main.c        ****     UART_PutString("hola esta es la prueba");
 340              		.loc 1 114 0
 341 000c 0548     		ldr	r0, .L31
ARM GAS  C:\Users\andre\AppData\Local\Temp\ccdKzkkC.s 			page 9


 342 000e FFF7FEFF 		bl	UART_PutString
 343              	.LVL32:
 115:main.c        ****     //I2C_Start();
 116:main.c        ****     //QuadDec_Start();
 117:main.c        ****     Encoder_Start();
 344              		.loc 1 117 0
 345 0012 FFF7FEFF 		bl	Encoder_Start
 346              	.LVL33:
 118:main.c        ****     Encoder_SetCounter(0);
 347              		.loc 1 118 0
 348 0016 0020     		movs	r0, #0
 349 0018 FFF7FEFF 		bl	Encoder_SetCounter
 350              	.LVL34:
 351              	.L29:
 119:main.c        ****     
 120:main.c        ****  
 121:main.c        ****     
 122:main.c        **** 
 123:main.c        ****     for(;;)
 124:main.c        ****     {
 125:main.c        ****         //Lectura_Boton();
 126:main.c        ****         //Direccion();
 127:main.c        ****         comunicacion_serial();
 352              		.loc 1 127 0 discriminator 1
 353 001c FFF7FEFF 		bl	comunicacion_serial
 354              	.LVL35:
 355 0020 FCE7     		b	.L29
 356              	.L32:
 357 0022 00BF     		.align	2
 358              	.L31:
 359 0024 00000000 		.word	.LC0
 360              		.cfi_endproc
 361              	.LFE69:
 362              		.size	main, .-main
 363              		.comm	buffer_uart,5,4
 364              		.global	pwm_value
 365              		.global	Boton_anterior
 366              		.global	Boton_actual
 367              		.global	Estado_motor
 368              		.section	.rodata.str1.4,"aMS",%progbits,1
 369              		.align	2
 370              	.LC0:
 371 0000 686F6C61 		.ascii	"hola esta es la prueba\000"
 371      20657374 
 371      61206573 
 371      206C6120 
 371      70727565 
 372              		.bss
 373              		.set	.LANCHOR0,. + 0
 374              		.type	Boton_actual, %object
 375              		.size	Boton_actual, 1
 376              	Boton_actual:
 377 0000 00       		.space	1
 378              		.type	Boton_anterior, %object
 379              		.size	Boton_anterior, 1
 380              	Boton_anterior:
 381 0001 00       		.space	1
ARM GAS  C:\Users\andre\AppData\Local\Temp\ccdKzkkC.s 			page 10


 382              		.type	Estado_motor, %object
 383              		.size	Estado_motor, 1
 384              	Estado_motor:
 385 0002 00       		.space	1
 386              		.type	pwm_value, %object
 387              		.size	pwm_value, 1
 388              	pwm_value:
 389 0003 00       		.space	1
 390              		.text
 391              	.Letext0:
 392              		.file 2 "c:\\program files (x86)\\cypress\\psoc creator\\4.4\\psoc creator\\import\\gnu\\arm\\5.4.
 393              		.file 3 "c:\\program files (x86)\\cypress\\psoc creator\\4.4\\psoc creator\\import\\gnu\\arm\\5.4.
 394              		.file 4 "Generated_Source\\PSoC5/cytypes.h"
 395              		.file 5 "Generated_Source\\PSoC5/core_cm3.h"
 396              		.file 6 "Generated_Source\\PSoC5/Button.h"
 397              		.file 7 "Generated_Source\\PSoC5/CyLib.h"
 398              		.file 8 "Generated_Source\\PSoC5/IN3.h"
 399              		.file 9 "Generated_Source\\PSoC5/IN4.h"
 400              		.file 10 "Generated_Source\\PSoC5/UART.h"
 401              		.file 11 "c:\\program files (x86)\\cypress\\psoc creator\\4.4\\psoc creator\\import\\gnu\\arm\\5.4
 402              		.file 12 "Generated_Source\\PSoC5/PWM.h"
 403              		.file 13 "Generated_Source\\PSoC5/Encoder.h"
 404              		.section	.debug_info,"",%progbits
 405              	.Ldebug_info0:
 406 0000 01040000 		.4byte	0x401
 407 0004 0400     		.2byte	0x4
 408 0006 00000000 		.4byte	.Ldebug_abbrev0
 409 000a 04       		.byte	0x4
 410 000b 01       		.uleb128 0x1
 411 000c 7C000000 		.4byte	.LASF41
 412 0010 0C       		.byte	0xc
 413 0011 49020000 		.4byte	.LASF42
 414 0015 7C010000 		.4byte	.LASF43
 415 0019 00000000 		.4byte	.Ldebug_ranges0+0
 416 001d 00000000 		.4byte	0
 417 0021 00000000 		.4byte	.Ldebug_line0
 418 0025 02       		.uleb128 0x2
 419 0026 01       		.byte	0x1
 420 0027 06       		.byte	0x6
 421 0028 CD020000 		.4byte	.LASF0
 422 002c 02       		.uleb128 0x2
 423 002d 01       		.byte	0x1
 424 002e 08       		.byte	0x8
 425 002f 6E000000 		.4byte	.LASF1
 426 0033 02       		.uleb128 0x2
 427 0034 02       		.byte	0x2
 428 0035 05       		.byte	0x5
 429 0036 80020000 		.4byte	.LASF2
 430 003a 02       		.uleb128 0x2
 431 003b 02       		.byte	0x2
 432 003c 07       		.byte	0x7
 433 003d 1C010000 		.4byte	.LASF3
 434 0041 03       		.uleb128 0x3
 435 0042 19000000 		.4byte	.LASF9
 436 0046 02       		.byte	0x2
 437 0047 3F       		.byte	0x3f
 438 0048 4C000000 		.4byte	0x4c
ARM GAS  C:\Users\andre\AppData\Local\Temp\ccdKzkkC.s 			page 11


 439 004c 02       		.uleb128 0x2
 440 004d 04       		.byte	0x4
 441 004e 05       		.byte	0x5
 442 004f B3020000 		.4byte	.LASF4
 443 0053 02       		.uleb128 0x2
 444 0054 04       		.byte	0x4
 445 0055 07       		.byte	0x7
 446 0056 0A010000 		.4byte	.LASF5
 447 005a 02       		.uleb128 0x2
 448 005b 08       		.byte	0x8
 449 005c 05       		.byte	0x5
 450 005d 2E020000 		.4byte	.LASF6
 451 0061 02       		.uleb128 0x2
 452 0062 08       		.byte	0x8
 453 0063 07       		.byte	0x7
 454 0064 57000000 		.4byte	.LASF7
 455 0068 04       		.uleb128 0x4
 456 0069 04       		.byte	0x4
 457 006a 05       		.byte	0x5
 458 006b 696E7400 		.ascii	"int\000"
 459 006f 02       		.uleb128 0x2
 460 0070 04       		.byte	0x4
 461 0071 07       		.byte	0x7
 462 0072 DB010000 		.4byte	.LASF8
 463 0076 03       		.uleb128 0x3
 464 0077 15020000 		.4byte	.LASF10
 465 007b 03       		.byte	0x3
 466 007c 2C       		.byte	0x2c
 467 007d 41000000 		.4byte	0x41
 468 0081 05       		.uleb128 0x5
 469 0082 41000000 		.4byte	.LASF11
 470 0086 04       		.byte	0x4
 471 0087 E901     		.2byte	0x1e9
 472 0089 2C000000 		.4byte	0x2c
 473 008d 02       		.uleb128 0x2
 474 008e 04       		.byte	0x4
 475 008f 04       		.byte	0x4
 476 0090 51000000 		.4byte	.LASF12
 477 0094 02       		.uleb128 0x2
 478 0095 08       		.byte	0x8
 479 0096 04       		.byte	0x4
 480 0097 55010000 		.4byte	.LASF13
 481 009b 02       		.uleb128 0x2
 482 009c 01       		.byte	0x1
 483 009d 08       		.byte	0x8
 484 009e BC020000 		.4byte	.LASF14
 485 00a2 02       		.uleb128 0x2
 486 00a3 08       		.byte	0x8
 487 00a4 04       		.byte	0x4
 488 00a5 C1020000 		.4byte	.LASF15
 489 00a9 02       		.uleb128 0x2
 490 00aa 04       		.byte	0x4
 491 00ab 07       		.byte	0x7
 492 00ac 1D020000 		.4byte	.LASF16
 493 00b0 06       		.uleb128 0x6
 494 00b1 F5020000 		.4byte	.LASF17
 495 00b5 01       		.byte	0x1
ARM GAS  C:\Users\andre\AppData\Local\Temp\ccdKzkkC.s 			page 12


 496 00b6 17       		.byte	0x17
 497 00b7 00000000 		.4byte	.LFB64
 498 00bb 40000000 		.4byte	.LFE64-.LFB64
 499 00bf 01       		.uleb128 0x1
 500 00c0 9C       		.byte	0x9c
 501 00c1 EC000000 		.4byte	0xec
 502 00c5 07       		.uleb128 0x7
 503 00c6 06000000 		.4byte	.LVL0
 504 00ca 75030000 		.4byte	0x375
 505 00ce 08       		.uleb128 0x8
 506 00cf 12000000 		.4byte	.LVL1
 507 00d3 80030000 		.4byte	0x380
 508 00d7 E2000000 		.4byte	0xe2
 509 00db 09       		.uleb128 0x9
 510 00dc 01       		.uleb128 0x1
 511 00dd 50       		.byte	0x50
 512 00de 02       		.uleb128 0x2
 513 00df 08       		.byte	0x8
 514 00e0 64       		.byte	0x64
 515 00e1 00       		.byte	0
 516 00e2 07       		.uleb128 0x7
 517 00e3 16000000 		.4byte	.LVL2
 518 00e7 75030000 		.4byte	0x375
 519 00eb 00       		.byte	0
 520 00ec 0A       		.uleb128 0xa
 521 00ed 50020000 		.4byte	.LASF44
 522 00f1 01       		.byte	0x1
 523 00f2 28       		.byte	0x28
 524 00f3 00000000 		.4byte	.LFB65
 525 00f7 36000000 		.4byte	.LFE65-.LFB65
 526 00fb 01       		.uleb128 0x1
 527 00fc 9C       		.byte	0x9c
 528 00fd 7F010000 		.4byte	0x17f
 529 0101 0B       		.uleb128 0xb
 530 0102 E8010000 		.4byte	.LASF45
 531 0106 01       		.byte	0x1
 532 0107 28       		.byte	0x28
 533 0108 9B000000 		.4byte	0x9b
 534 010c 00000000 		.4byte	.LLST0
 535 0110 08       		.uleb128 0x8
 536 0111 0E000000 		.4byte	.LVL5
 537 0115 8B030000 		.4byte	0x38b
 538 0119 23010000 		.4byte	0x123
 539 011d 09       		.uleb128 0x9
 540 011e 01       		.uleb128 0x1
 541 011f 50       		.byte	0x50
 542 0120 01       		.uleb128 0x1
 543 0121 30       		.byte	0x30
 544 0122 00       		.byte	0
 545 0123 08       		.uleb128 0x8
 546 0124 14000000 		.4byte	.LVL6
 547 0128 96030000 		.4byte	0x396
 548 012c 36010000 		.4byte	0x136
 549 0130 09       		.uleb128 0x9
 550 0131 01       		.uleb128 0x1
 551 0132 50       		.byte	0x50
 552 0133 01       		.uleb128 0x1
ARM GAS  C:\Users\andre\AppData\Local\Temp\ccdKzkkC.s 			page 13


 553 0134 30       		.byte	0x30
 554 0135 00       		.byte	0
 555 0136 08       		.uleb128 0x8
 556 0137 1E000000 		.4byte	.LVL7
 557 013b 8B030000 		.4byte	0x38b
 558 013f 49010000 		.4byte	0x149
 559 0143 09       		.uleb128 0x9
 560 0144 01       		.uleb128 0x1
 561 0145 50       		.byte	0x50
 562 0146 01       		.uleb128 0x1
 563 0147 31       		.byte	0x31
 564 0148 00       		.byte	0
 565 0149 08       		.uleb128 0x8
 566 014a 24000000 		.4byte	.LVL8
 567 014e 96030000 		.4byte	0x396
 568 0152 5C010000 		.4byte	0x15c
 569 0156 09       		.uleb128 0x9
 570 0157 01       		.uleb128 0x1
 571 0158 50       		.byte	0x50
 572 0159 01       		.uleb128 0x1
 573 015a 30       		.byte	0x30
 574 015b 00       		.byte	0
 575 015c 08       		.uleb128 0x8
 576 015d 2E000000 		.4byte	.LVL9
 577 0161 8B030000 		.4byte	0x38b
 578 0165 6F010000 		.4byte	0x16f
 579 0169 09       		.uleb128 0x9
 580 016a 01       		.uleb128 0x1
 581 016b 50       		.byte	0x50
 582 016c 01       		.uleb128 0x1
 583 016d 30       		.byte	0x30
 584 016e 00       		.byte	0
 585 016f 0C       		.uleb128 0xc
 586 0170 34000000 		.4byte	.LVL10
 587 0174 96030000 		.4byte	0x396
 588 0178 09       		.uleb128 0x9
 589 0179 01       		.uleb128 0x1
 590 017a 50       		.byte	0x50
 591 017b 01       		.uleb128 0x1
 592 017c 31       		.byte	0x31
 593 017d 00       		.byte	0
 594 017e 00       		.byte	0
 595 017f 06       		.uleb128 0x6
 596 0180 47000000 		.4byte	.LASF18
 597 0184 01       		.byte	0x1
 598 0185 3A       		.byte	0x3a
 599 0186 00000000 		.4byte	.LFB66
 600 018a 44000000 		.4byte	.LFE66-.LFB66
 601 018e 01       		.uleb128 0x1
 602 018f 9C       		.byte	0x9c
 603 0190 03020000 		.4byte	0x203
 604 0194 08       		.uleb128 0x8
 605 0195 0E000000 		.4byte	.LVL11
 606 0199 8B030000 		.4byte	0x38b
 607 019d A7010000 		.4byte	0x1a7
 608 01a1 09       		.uleb128 0x9
 609 01a2 01       		.uleb128 0x1
ARM GAS  C:\Users\andre\AppData\Local\Temp\ccdKzkkC.s 			page 14


 610 01a3 50       		.byte	0x50
 611 01a4 01       		.uleb128 0x1
 612 01a5 30       		.byte	0x30
 613 01a6 00       		.byte	0
 614 01a7 08       		.uleb128 0x8
 615 01a8 14000000 		.4byte	.LVL12
 616 01ac 96030000 		.4byte	0x396
 617 01b0 BA010000 		.4byte	0x1ba
 618 01b4 09       		.uleb128 0x9
 619 01b5 01       		.uleb128 0x1
 620 01b6 50       		.byte	0x50
 621 01b7 01       		.uleb128 0x1
 622 01b8 30       		.byte	0x30
 623 01b9 00       		.byte	0
 624 01ba 08       		.uleb128 0x8
 625 01bb 22000000 		.4byte	.LVL13
 626 01bf 8B030000 		.4byte	0x38b
 627 01c3 CD010000 		.4byte	0x1cd
 628 01c7 09       		.uleb128 0x9
 629 01c8 01       		.uleb128 0x1
 630 01c9 50       		.byte	0x50
 631 01ca 01       		.uleb128 0x1
 632 01cb 31       		.byte	0x31
 633 01cc 00       		.byte	0
 634 01cd 08       		.uleb128 0x8
 635 01ce 28000000 		.4byte	.LVL14
 636 01d2 96030000 		.4byte	0x396
 637 01d6 E0010000 		.4byte	0x1e0
 638 01da 09       		.uleb128 0x9
 639 01db 01       		.uleb128 0x1
 640 01dc 50       		.byte	0x50
 641 01dd 01       		.uleb128 0x1
 642 01de 30       		.byte	0x30
 643 01df 00       		.byte	0
 644 01e0 08       		.uleb128 0x8
 645 01e1 36000000 		.4byte	.LVL15
 646 01e5 8B030000 		.4byte	0x38b
 647 01e9 F3010000 		.4byte	0x1f3
 648 01ed 09       		.uleb128 0x9
 649 01ee 01       		.uleb128 0x1
 650 01ef 50       		.byte	0x50
 651 01f0 01       		.uleb128 0x1
 652 01f1 30       		.byte	0x30
 653 01f2 00       		.byte	0
 654 01f3 0C       		.uleb128 0xc
 655 01f4 3C000000 		.4byte	.LVL16
 656 01f8 96030000 		.4byte	0x396
 657 01fc 09       		.uleb128 0x9
 658 01fd 01       		.uleb128 0x1
 659 01fe 50       		.byte	0x50
 660 01ff 01       		.uleb128 0x1
 661 0200 31       		.byte	0x31
 662 0201 00       		.byte	0
 663 0202 00       		.byte	0
 664 0203 06       		.uleb128 0x6
 665 0204 6C020000 		.4byte	.LASF19
 666 0208 01       		.byte	0x1
ARM GAS  C:\Users\andre\AppData\Local\Temp\ccdKzkkC.s 			page 15


 667 0209 4B       		.byte	0x4b
 668 020a 00000000 		.4byte	.LFB67
 669 020e 50000000 		.4byte	.LFE67-.LFB67
 670 0212 01       		.uleb128 0x1
 671 0213 9C       		.byte	0x9c
 672 0214 86020000 		.4byte	0x286
 673 0218 0D       		.uleb128 0xd
 674 0219 6900     		.ascii	"i\000"
 675 021b 01       		.byte	0x1
 676 021c 4C       		.byte	0x4c
 677 021d 81000000 		.4byte	0x81
 678 0221 21000000 		.4byte	.LLST1
 679 0225 0E       		.uleb128 0xe
 680 0226 23000000 		.4byte	.LASF20
 681 022a 01       		.byte	0x1
 682 022b 4D       		.byte	0x4d
 683 022c 9B000000 		.4byte	0x9b
 684 0230 56000000 		.4byte	.LLST2
 685 0234 0E       		.uleb128 0xe
 686 0235 26020000 		.4byte	.LASF21
 687 0239 01       		.byte	0x1
 688 023a 4E       		.byte	0x4e
 689 023b 9B000000 		.4byte	0x9b
 690 023f 74000000 		.4byte	.LLST3
 691 0243 07       		.uleb128 0x7
 692 0244 06000000 		.4byte	.LVL18
 693 0248 A1030000 		.4byte	0x3a1
 694 024c 07       		.uleb128 0x7
 695 024d 10000000 		.4byte	.LVL20
 696 0251 AC030000 		.4byte	0x3ac
 697 0255 08       		.uleb128 0x8
 698 0256 32000000 		.4byte	.LVL25
 699 025a B7030000 		.4byte	0x3b7
 700 025e 6C020000 		.4byte	0x26c
 701 0262 09       		.uleb128 0x9
 702 0263 01       		.uleb128 0x1
 703 0264 50       		.byte	0x50
 704 0265 05       		.uleb128 0x5
 705 0266 03       		.byte	0x3
 706 0267 00000000 		.4byte	buffer_uart
 707 026b 00       		.byte	0
 708 026c 07       		.uleb128 0x7
 709 026d 3C000000 		.4byte	.LVL26
 710 0271 C2030000 		.4byte	0x3c2
 711 0275 0C       		.uleb128 0xc
 712 0276 44000000 		.4byte	.LVL29
 713 027a EC000000 		.4byte	0xec
 714 027e 09       		.uleb128 0x9
 715 027f 01       		.uleb128 0x1
 716 0280 50       		.byte	0x50
 717 0281 02       		.uleb128 0x2
 718 0282 75       		.byte	0x75
 719 0283 00       		.sleb128 0
 720 0284 00       		.byte	0
 721 0285 00       		.byte	0
 722 0286 0F       		.uleb128 0xf
 723 0287 00000000 		.4byte	.LASF46
ARM GAS  C:\Users\andre\AppData\Local\Temp\ccdKzkkC.s 			page 16


 724 028b 01       		.byte	0x1
 725 028c 66       		.byte	0x66
 726 028d 00000000 		.4byte	.LFB68
 727 0291 02000000 		.4byte	.LFE68-.LFB68
 728 0295 01       		.uleb128 0x1
 729 0296 9C       		.byte	0x9c
 730 0297 10       		.uleb128 0x10
 731 0298 77010000 		.4byte	.LASF47
 732 029c 01       		.byte	0x1
 733 029d 6B       		.byte	0x6b
 734 029e 68000000 		.4byte	0x68
 735 02a2 00000000 		.4byte	.LFB69
 736 02a6 28000000 		.4byte	.LFE69-.LFB69
 737 02aa 01       		.uleb128 0x1
 738 02ab 9C       		.byte	0x9c
 739 02ac FF020000 		.4byte	0x2ff
 740 02b0 07       		.uleb128 0x7
 741 02b1 08000000 		.4byte	.LVL30
 742 02b5 CD030000 		.4byte	0x3cd
 743 02b9 07       		.uleb128 0x7
 744 02ba 0C000000 		.4byte	.LVL31
 745 02be D8030000 		.4byte	0x3d8
 746 02c2 08       		.uleb128 0x8
 747 02c3 12000000 		.4byte	.LVL32
 748 02c7 E3030000 		.4byte	0x3e3
 749 02cb D9020000 		.4byte	0x2d9
 750 02cf 09       		.uleb128 0x9
 751 02d0 01       		.uleb128 0x1
 752 02d1 50       		.byte	0x50
 753 02d2 05       		.uleb128 0x5
 754 02d3 03       		.byte	0x3
 755 02d4 00000000 		.4byte	.LC0
 756 02d8 00       		.byte	0
 757 02d9 07       		.uleb128 0x7
 758 02da 16000000 		.4byte	.LVL33
 759 02de EE030000 		.4byte	0x3ee
 760 02e2 08       		.uleb128 0x8
 761 02e3 1C000000 		.4byte	.LVL34
 762 02e7 F9030000 		.4byte	0x3f9
 763 02eb F5020000 		.4byte	0x2f5
 764 02ef 09       		.uleb128 0x9
 765 02f0 01       		.uleb128 0x1
 766 02f1 50       		.byte	0x50
 767 02f2 01       		.uleb128 0x1
 768 02f3 30       		.byte	0x30
 769 02f4 00       		.byte	0
 770 02f5 07       		.uleb128 0x7
 771 02f6 20000000 		.4byte	.LVL35
 772 02fa 03020000 		.4byte	0x203
 773 02fe 00       		.byte	0
 774 02ff 11       		.uleb128 0x11
 775 0300 3A010000 		.4byte	.LASF22
 776 0304 05       		.byte	0x5
 777 0305 1207     		.2byte	0x712
 778 0307 0B030000 		.4byte	0x30b
 779 030b 12       		.uleb128 0x12
 780 030c 76000000 		.4byte	0x76
ARM GAS  C:\Users\andre\AppData\Local\Temp\ccdKzkkC.s 			page 17


 781 0310 13       		.uleb128 0x13
 782 0311 F2010000 		.4byte	.LASF23
 783 0315 01       		.byte	0x1
 784 0316 10       		.byte	0x10
 785 0317 81000000 		.4byte	0x81
 786 031b 05       		.uleb128 0x5
 787 031c 03       		.byte	0x3
 788 031d 00000000 		.4byte	Estado_motor
 789 0321 13       		.uleb128 0x13
 790 0322 3C020000 		.4byte	.LASF24
 791 0326 01       		.byte	0x1
 792 0327 11       		.byte	0x11
 793 0328 81000000 		.4byte	0x81
 794 032c 05       		.uleb128 0x5
 795 032d 03       		.byte	0x3
 796 032e 00000000 		.4byte	Boton_actual
 797 0332 13       		.uleb128 0x13
 798 0333 0A000000 		.4byte	.LASF25
 799 0337 01       		.byte	0x1
 800 0338 12       		.byte	0x12
 801 0339 81000000 		.4byte	0x81
 802 033d 05       		.uleb128 0x5
 803 033e 03       		.byte	0x3
 804 033f 00000000 		.4byte	Boton_anterior
 805 0343 13       		.uleb128 0x13
 806 0344 0B020000 		.4byte	.LASF26
 807 0348 01       		.byte	0x1
 808 0349 13       		.byte	0x13
 809 034a 81000000 		.4byte	0x81
 810 034e 05       		.uleb128 0x5
 811 034f 03       		.byte	0x3
 812 0350 00000000 		.4byte	pwm_value
 813 0354 14       		.uleb128 0x14
 814 0355 9B000000 		.4byte	0x9b
 815 0359 64030000 		.4byte	0x364
 816 035d 15       		.uleb128 0x15
 817 035e A9000000 		.4byte	0xa9
 818 0362 04       		.byte	0x4
 819 0363 00       		.byte	0
 820 0364 13       		.uleb128 0x13
 821 0365 FF010000 		.4byte	.LASF27
 822 0369 01       		.byte	0x1
 823 036a 14       		.byte	0x14
 824 036b 54030000 		.4byte	0x354
 825 036f 05       		.uleb128 0x5
 826 0370 03       		.byte	0x3
 827 0371 00000000 		.4byte	buffer_uart
 828 0375 16       		.uleb128 0x16
 829 0376 CF010000 		.4byte	.LASF28
 830 037a CF010000 		.4byte	.LASF28
 831 037e 06       		.byte	0x6
 832 037f 29       		.byte	0x29
 833 0380 16       		.uleb128 0x16
 834 0381 ED020000 		.4byte	.LASF29
 835 0385 ED020000 		.4byte	.LASF29
 836 0389 07       		.byte	0x7
 837 038a 76       		.byte	0x76
ARM GAS  C:\Users\andre\AppData\Local\Temp\ccdKzkkC.s 			page 18


 838 038b 16       		.uleb128 0x16
 839 038c 5C010000 		.4byte	.LASF30
 840 0390 5C010000 		.4byte	.LASF30
 841 0394 08       		.byte	0x8
 842 0395 26       		.byte	0x26
 843 0396 16       		.uleb128 0x16
 844 0397 94020000 		.4byte	.LASF31
 845 039b 94020000 		.4byte	.LASF31
 846 039f 09       		.byte	0x9
 847 03a0 26       		.byte	0x26
 848 03a1 16       		.uleb128 0x16
 849 03a2 9E020000 		.4byte	.LASF32
 850 03a6 9E020000 		.4byte	.LASF32
 851 03aa 0A       		.byte	0xa
 852 03ab 73       		.byte	0x73
 853 03ac 16       		.uleb128 0x16
 854 03ad 5F020000 		.4byte	.LASF33
 855 03b1 5F020000 		.4byte	.LASF33
 856 03b5 0A       		.byte	0xa
 857 03b6 71       		.byte	0x71
 858 03b7 16       		.uleb128 0x16
 859 03b8 E8020000 		.4byte	.LASF34
 860 03bc E8020000 		.4byte	.LASF34
 861 03c0 0B       		.byte	0xb
 862 03c1 4D       		.byte	0x4d
 863 03c2 16       		.uleb128 0x16
 864 03c3 66010000 		.4byte	.LASF35
 865 03c7 66010000 		.4byte	.LASF35
 866 03cb 0C       		.byte	0xc
 867 03cc C3       		.byte	0xc3
 868 03cd 16       		.uleb128 0x16
 869 03ce 8A020000 		.4byte	.LASF36
 870 03d2 8A020000 		.4byte	.LASF36
 871 03d6 0C       		.byte	0xc
 872 03d7 92       		.byte	0x92
 873 03d8 16       		.uleb128 0x16
 874 03d9 2F010000 		.4byte	.LASF37
 875 03dd 2F010000 		.4byte	.LASF37
 876 03e1 0A       		.byte	0xa
 877 03e2 54       		.byte	0x54
 878 03e3 16       		.uleb128 0x16
 879 03e4 D9020000 		.4byte	.LASF38
 880 03e8 D9020000 		.4byte	.LASF38
 881 03ec 0A       		.byte	0xa
 882 03ed 8B       		.byte	0x8b
 883 03ee 16       		.uleb128 0x16
 884 03ef 47010000 		.4byte	.LASF39
 885 03f3 47010000 		.4byte	.LASF39
 886 03f7 0D       		.byte	0xd
 887 03f8 48       		.byte	0x48
 888 03f9 16       		.uleb128 0x16
 889 03fa 2E000000 		.4byte	.LASF40
 890 03fe 2E000000 		.4byte	.LASF40
 891 0402 0D       		.byte	0xd
 892 0403 4F       		.byte	0x4f
 893 0404 00       		.byte	0
 894              		.section	.debug_abbrev,"",%progbits
ARM GAS  C:\Users\andre\AppData\Local\Temp\ccdKzkkC.s 			page 19


 895              	.Ldebug_abbrev0:
 896 0000 01       		.uleb128 0x1
 897 0001 11       		.uleb128 0x11
 898 0002 01       		.byte	0x1
 899 0003 25       		.uleb128 0x25
 900 0004 0E       		.uleb128 0xe
 901 0005 13       		.uleb128 0x13
 902 0006 0B       		.uleb128 0xb
 903 0007 03       		.uleb128 0x3
 904 0008 0E       		.uleb128 0xe
 905 0009 1B       		.uleb128 0x1b
 906 000a 0E       		.uleb128 0xe
 907 000b 55       		.uleb128 0x55
 908 000c 17       		.uleb128 0x17
 909 000d 11       		.uleb128 0x11
 910 000e 01       		.uleb128 0x1
 911 000f 10       		.uleb128 0x10
 912 0010 17       		.uleb128 0x17
 913 0011 00       		.byte	0
 914 0012 00       		.byte	0
 915 0013 02       		.uleb128 0x2
 916 0014 24       		.uleb128 0x24
 917 0015 00       		.byte	0
 918 0016 0B       		.uleb128 0xb
 919 0017 0B       		.uleb128 0xb
 920 0018 3E       		.uleb128 0x3e
 921 0019 0B       		.uleb128 0xb
 922 001a 03       		.uleb128 0x3
 923 001b 0E       		.uleb128 0xe
 924 001c 00       		.byte	0
 925 001d 00       		.byte	0
 926 001e 03       		.uleb128 0x3
 927 001f 16       		.uleb128 0x16
 928 0020 00       		.byte	0
 929 0021 03       		.uleb128 0x3
 930 0022 0E       		.uleb128 0xe
 931 0023 3A       		.uleb128 0x3a
 932 0024 0B       		.uleb128 0xb
 933 0025 3B       		.uleb128 0x3b
 934 0026 0B       		.uleb128 0xb
 935 0027 49       		.uleb128 0x49
 936 0028 13       		.uleb128 0x13
 937 0029 00       		.byte	0
 938 002a 00       		.byte	0
 939 002b 04       		.uleb128 0x4
 940 002c 24       		.uleb128 0x24
 941 002d 00       		.byte	0
 942 002e 0B       		.uleb128 0xb
 943 002f 0B       		.uleb128 0xb
 944 0030 3E       		.uleb128 0x3e
 945 0031 0B       		.uleb128 0xb
 946 0032 03       		.uleb128 0x3
 947 0033 08       		.uleb128 0x8
 948 0034 00       		.byte	0
 949 0035 00       		.byte	0
 950 0036 05       		.uleb128 0x5
 951 0037 16       		.uleb128 0x16
ARM GAS  C:\Users\andre\AppData\Local\Temp\ccdKzkkC.s 			page 20


 952 0038 00       		.byte	0
 953 0039 03       		.uleb128 0x3
 954 003a 0E       		.uleb128 0xe
 955 003b 3A       		.uleb128 0x3a
 956 003c 0B       		.uleb128 0xb
 957 003d 3B       		.uleb128 0x3b
 958 003e 05       		.uleb128 0x5
 959 003f 49       		.uleb128 0x49
 960 0040 13       		.uleb128 0x13
 961 0041 00       		.byte	0
 962 0042 00       		.byte	0
 963 0043 06       		.uleb128 0x6
 964 0044 2E       		.uleb128 0x2e
 965 0045 01       		.byte	0x1
 966 0046 3F       		.uleb128 0x3f
 967 0047 19       		.uleb128 0x19
 968 0048 03       		.uleb128 0x3
 969 0049 0E       		.uleb128 0xe
 970 004a 3A       		.uleb128 0x3a
 971 004b 0B       		.uleb128 0xb
 972 004c 3B       		.uleb128 0x3b
 973 004d 0B       		.uleb128 0xb
 974 004e 11       		.uleb128 0x11
 975 004f 01       		.uleb128 0x1
 976 0050 12       		.uleb128 0x12
 977 0051 06       		.uleb128 0x6
 978 0052 40       		.uleb128 0x40
 979 0053 18       		.uleb128 0x18
 980 0054 9742     		.uleb128 0x2117
 981 0056 19       		.uleb128 0x19
 982 0057 01       		.uleb128 0x1
 983 0058 13       		.uleb128 0x13
 984 0059 00       		.byte	0
 985 005a 00       		.byte	0
 986 005b 07       		.uleb128 0x7
 987 005c 898201   		.uleb128 0x4109
 988 005f 00       		.byte	0
 989 0060 11       		.uleb128 0x11
 990 0061 01       		.uleb128 0x1
 991 0062 31       		.uleb128 0x31
 992 0063 13       		.uleb128 0x13
 993 0064 00       		.byte	0
 994 0065 00       		.byte	0
 995 0066 08       		.uleb128 0x8
 996 0067 898201   		.uleb128 0x4109
 997 006a 01       		.byte	0x1
 998 006b 11       		.uleb128 0x11
 999 006c 01       		.uleb128 0x1
 1000 006d 31       		.uleb128 0x31
 1001 006e 13       		.uleb128 0x13
 1002 006f 01       		.uleb128 0x1
 1003 0070 13       		.uleb128 0x13
 1004 0071 00       		.byte	0
 1005 0072 00       		.byte	0
 1006 0073 09       		.uleb128 0x9
 1007 0074 8A8201   		.uleb128 0x410a
 1008 0077 00       		.byte	0
ARM GAS  C:\Users\andre\AppData\Local\Temp\ccdKzkkC.s 			page 21


 1009 0078 02       		.uleb128 0x2
 1010 0079 18       		.uleb128 0x18
 1011 007a 9142     		.uleb128 0x2111
 1012 007c 18       		.uleb128 0x18
 1013 007d 00       		.byte	0
 1014 007e 00       		.byte	0
 1015 007f 0A       		.uleb128 0xa
 1016 0080 2E       		.uleb128 0x2e
 1017 0081 01       		.byte	0x1
 1018 0082 3F       		.uleb128 0x3f
 1019 0083 19       		.uleb128 0x19
 1020 0084 03       		.uleb128 0x3
 1021 0085 0E       		.uleb128 0xe
 1022 0086 3A       		.uleb128 0x3a
 1023 0087 0B       		.uleb128 0xb
 1024 0088 3B       		.uleb128 0x3b
 1025 0089 0B       		.uleb128 0xb
 1026 008a 27       		.uleb128 0x27
 1027 008b 19       		.uleb128 0x19
 1028 008c 11       		.uleb128 0x11
 1029 008d 01       		.uleb128 0x1
 1030 008e 12       		.uleb128 0x12
 1031 008f 06       		.uleb128 0x6
 1032 0090 40       		.uleb128 0x40
 1033 0091 18       		.uleb128 0x18
 1034 0092 9742     		.uleb128 0x2117
 1035 0094 19       		.uleb128 0x19
 1036 0095 01       		.uleb128 0x1
 1037 0096 13       		.uleb128 0x13
 1038 0097 00       		.byte	0
 1039 0098 00       		.byte	0
 1040 0099 0B       		.uleb128 0xb
 1041 009a 05       		.uleb128 0x5
 1042 009b 00       		.byte	0
 1043 009c 03       		.uleb128 0x3
 1044 009d 0E       		.uleb128 0xe
 1045 009e 3A       		.uleb128 0x3a
 1046 009f 0B       		.uleb128 0xb
 1047 00a0 3B       		.uleb128 0x3b
 1048 00a1 0B       		.uleb128 0xb
 1049 00a2 49       		.uleb128 0x49
 1050 00a3 13       		.uleb128 0x13
 1051 00a4 02       		.uleb128 0x2
 1052 00a5 17       		.uleb128 0x17
 1053 00a6 00       		.byte	0
 1054 00a7 00       		.byte	0
 1055 00a8 0C       		.uleb128 0xc
 1056 00a9 898201   		.uleb128 0x4109
 1057 00ac 01       		.byte	0x1
 1058 00ad 11       		.uleb128 0x11
 1059 00ae 01       		.uleb128 0x1
 1060 00af 31       		.uleb128 0x31
 1061 00b0 13       		.uleb128 0x13
 1062 00b1 00       		.byte	0
 1063 00b2 00       		.byte	0
 1064 00b3 0D       		.uleb128 0xd
 1065 00b4 34       		.uleb128 0x34
ARM GAS  C:\Users\andre\AppData\Local\Temp\ccdKzkkC.s 			page 22


 1066 00b5 00       		.byte	0
 1067 00b6 03       		.uleb128 0x3
 1068 00b7 08       		.uleb128 0x8
 1069 00b8 3A       		.uleb128 0x3a
 1070 00b9 0B       		.uleb128 0xb
 1071 00ba 3B       		.uleb128 0x3b
 1072 00bb 0B       		.uleb128 0xb
 1073 00bc 49       		.uleb128 0x49
 1074 00bd 13       		.uleb128 0x13
 1075 00be 02       		.uleb128 0x2
 1076 00bf 17       		.uleb128 0x17
 1077 00c0 00       		.byte	0
 1078 00c1 00       		.byte	0
 1079 00c2 0E       		.uleb128 0xe
 1080 00c3 34       		.uleb128 0x34
 1081 00c4 00       		.byte	0
 1082 00c5 03       		.uleb128 0x3
 1083 00c6 0E       		.uleb128 0xe
 1084 00c7 3A       		.uleb128 0x3a
 1085 00c8 0B       		.uleb128 0xb
 1086 00c9 3B       		.uleb128 0x3b
 1087 00ca 0B       		.uleb128 0xb
 1088 00cb 49       		.uleb128 0x49
 1089 00cc 13       		.uleb128 0x13
 1090 00cd 02       		.uleb128 0x2
 1091 00ce 17       		.uleb128 0x17
 1092 00cf 00       		.byte	0
 1093 00d0 00       		.byte	0
 1094 00d1 0F       		.uleb128 0xf
 1095 00d2 2E       		.uleb128 0x2e
 1096 00d3 00       		.byte	0
 1097 00d4 3F       		.uleb128 0x3f
 1098 00d5 19       		.uleb128 0x19
 1099 00d6 03       		.uleb128 0x3
 1100 00d7 0E       		.uleb128 0xe
 1101 00d8 3A       		.uleb128 0x3a
 1102 00d9 0B       		.uleb128 0xb
 1103 00da 3B       		.uleb128 0x3b
 1104 00db 0B       		.uleb128 0xb
 1105 00dc 11       		.uleb128 0x11
 1106 00dd 01       		.uleb128 0x1
 1107 00de 12       		.uleb128 0x12
 1108 00df 06       		.uleb128 0x6
 1109 00e0 40       		.uleb128 0x40
 1110 00e1 18       		.uleb128 0x18
 1111 00e2 9742     		.uleb128 0x2117
 1112 00e4 19       		.uleb128 0x19
 1113 00e5 00       		.byte	0
 1114 00e6 00       		.byte	0
 1115 00e7 10       		.uleb128 0x10
 1116 00e8 2E       		.uleb128 0x2e
 1117 00e9 01       		.byte	0x1
 1118 00ea 3F       		.uleb128 0x3f
 1119 00eb 19       		.uleb128 0x19
 1120 00ec 03       		.uleb128 0x3
 1121 00ed 0E       		.uleb128 0xe
 1122 00ee 3A       		.uleb128 0x3a
ARM GAS  C:\Users\andre\AppData\Local\Temp\ccdKzkkC.s 			page 23


 1123 00ef 0B       		.uleb128 0xb
 1124 00f0 3B       		.uleb128 0x3b
 1125 00f1 0B       		.uleb128 0xb
 1126 00f2 27       		.uleb128 0x27
 1127 00f3 19       		.uleb128 0x19
 1128 00f4 49       		.uleb128 0x49
 1129 00f5 13       		.uleb128 0x13
 1130 00f6 8701     		.uleb128 0x87
 1131 00f8 19       		.uleb128 0x19
 1132 00f9 11       		.uleb128 0x11
 1133 00fa 01       		.uleb128 0x1
 1134 00fb 12       		.uleb128 0x12
 1135 00fc 06       		.uleb128 0x6
 1136 00fd 40       		.uleb128 0x40
 1137 00fe 18       		.uleb128 0x18
 1138 00ff 9742     		.uleb128 0x2117
 1139 0101 19       		.uleb128 0x19
 1140 0102 01       		.uleb128 0x1
 1141 0103 13       		.uleb128 0x13
 1142 0104 00       		.byte	0
 1143 0105 00       		.byte	0
 1144 0106 11       		.uleb128 0x11
 1145 0107 34       		.uleb128 0x34
 1146 0108 00       		.byte	0
 1147 0109 03       		.uleb128 0x3
 1148 010a 0E       		.uleb128 0xe
 1149 010b 3A       		.uleb128 0x3a
 1150 010c 0B       		.uleb128 0xb
 1151 010d 3B       		.uleb128 0x3b
 1152 010e 05       		.uleb128 0x5
 1153 010f 49       		.uleb128 0x49
 1154 0110 13       		.uleb128 0x13
 1155 0111 3F       		.uleb128 0x3f
 1156 0112 19       		.uleb128 0x19
 1157 0113 3C       		.uleb128 0x3c
 1158 0114 19       		.uleb128 0x19
 1159 0115 00       		.byte	0
 1160 0116 00       		.byte	0
 1161 0117 12       		.uleb128 0x12
 1162 0118 35       		.uleb128 0x35
 1163 0119 00       		.byte	0
 1164 011a 49       		.uleb128 0x49
 1165 011b 13       		.uleb128 0x13
 1166 011c 00       		.byte	0
 1167 011d 00       		.byte	0
 1168 011e 13       		.uleb128 0x13
 1169 011f 34       		.uleb128 0x34
 1170 0120 00       		.byte	0
 1171 0121 03       		.uleb128 0x3
 1172 0122 0E       		.uleb128 0xe
 1173 0123 3A       		.uleb128 0x3a
 1174 0124 0B       		.uleb128 0xb
 1175 0125 3B       		.uleb128 0x3b
 1176 0126 0B       		.uleb128 0xb
 1177 0127 49       		.uleb128 0x49
 1178 0128 13       		.uleb128 0x13
 1179 0129 3F       		.uleb128 0x3f
ARM GAS  C:\Users\andre\AppData\Local\Temp\ccdKzkkC.s 			page 24


 1180 012a 19       		.uleb128 0x19
 1181 012b 02       		.uleb128 0x2
 1182 012c 18       		.uleb128 0x18
 1183 012d 00       		.byte	0
 1184 012e 00       		.byte	0
 1185 012f 14       		.uleb128 0x14
 1186 0130 01       		.uleb128 0x1
 1187 0131 01       		.byte	0x1
 1188 0132 49       		.uleb128 0x49
 1189 0133 13       		.uleb128 0x13
 1190 0134 01       		.uleb128 0x1
 1191 0135 13       		.uleb128 0x13
 1192 0136 00       		.byte	0
 1193 0137 00       		.byte	0
 1194 0138 15       		.uleb128 0x15
 1195 0139 21       		.uleb128 0x21
 1196 013a 00       		.byte	0
 1197 013b 49       		.uleb128 0x49
 1198 013c 13       		.uleb128 0x13
 1199 013d 2F       		.uleb128 0x2f
 1200 013e 0B       		.uleb128 0xb
 1201 013f 00       		.byte	0
 1202 0140 00       		.byte	0
 1203 0141 16       		.uleb128 0x16
 1204 0142 2E       		.uleb128 0x2e
 1205 0143 00       		.byte	0
 1206 0144 3F       		.uleb128 0x3f
 1207 0145 19       		.uleb128 0x19
 1208 0146 3C       		.uleb128 0x3c
 1209 0147 19       		.uleb128 0x19
 1210 0148 6E       		.uleb128 0x6e
 1211 0149 0E       		.uleb128 0xe
 1212 014a 03       		.uleb128 0x3
 1213 014b 0E       		.uleb128 0xe
 1214 014c 3A       		.uleb128 0x3a
 1215 014d 0B       		.uleb128 0xb
 1216 014e 3B       		.uleb128 0x3b
 1217 014f 0B       		.uleb128 0xb
 1218 0150 00       		.byte	0
 1219 0151 00       		.byte	0
 1220 0152 00       		.byte	0
 1221              		.section	.debug_loc,"",%progbits
 1222              	.Ldebug_loc0:
 1223              	.LLST0:
 1224 0000 00000000 		.4byte	.LVL3
 1225 0004 0A000000 		.4byte	.LVL4
 1226 0008 0100     		.2byte	0x1
 1227 000a 50       		.byte	0x50
 1228 000b 0A000000 		.4byte	.LVL4
 1229 000f 34000000 		.4byte	.LVL10
 1230 0013 0400     		.2byte	0x4
 1231 0015 F3       		.byte	0xf3
 1232 0016 01       		.uleb128 0x1
 1233 0017 50       		.byte	0x50
 1234 0018 9F       		.byte	0x9f
 1235 0019 00000000 		.4byte	0
 1236 001d 00000000 		.4byte	0
ARM GAS  C:\Users\andre\AppData\Local\Temp\ccdKzkkC.s 			page 25


 1237              	.LLST1:
 1238 0021 02000000 		.4byte	.LVL17
 1239 0025 0C000000 		.4byte	.LVL19
 1240 0029 0200     		.2byte	0x2
 1241 002b 30       		.byte	0x30
 1242 002c 9F       		.byte	0x9f
 1243 002d 0C000000 		.4byte	.LVL19
 1244 0031 1A000000 		.4byte	.LVL21
 1245 0035 0100     		.2byte	0x1
 1246 0037 54       		.byte	0x54
 1247 0038 1A000000 		.4byte	.LVL21
 1248 003c 24000000 		.4byte	.LVL22
 1249 0040 0100     		.2byte	0x1
 1250 0042 53       		.byte	0x53
 1251 0043 24000000 		.4byte	.LVL22
 1252 0047 3E000000 		.4byte	.LVL27
 1253 004b 0100     		.2byte	0x1
 1254 004d 54       		.byte	0x54
 1255 004e 00000000 		.4byte	0
 1256 0052 00000000 		.4byte	0
 1257              	.LLST2:
 1258 0056 10000000 		.4byte	.LVL20
 1259 005a 26000000 		.4byte	.LVL23
 1260 005e 0100     		.2byte	0x1
 1261 0060 50       		.byte	0x50
 1262 0061 3E000000 		.4byte	.LVL27
 1263 0065 40000000 		.4byte	.LVL28
 1264 0069 0100     		.2byte	0x1
 1265 006b 50       		.byte	0x50
 1266 006c 00000000 		.4byte	0
 1267 0070 00000000 		.4byte	0
 1268              	.LLST3:
 1269 0074 02000000 		.4byte	.LVL17
 1270 0078 0C000000 		.4byte	.LVL19
 1271 007c 0200     		.2byte	0x2
 1272 007e 30       		.byte	0x30
 1273 007f 9F       		.byte	0x9f
 1274 0080 0C000000 		.4byte	.LVL19
 1275 0084 44000000 		.4byte	.LVL29
 1276 0088 0100     		.2byte	0x1
 1277 008a 55       		.byte	0x55
 1278 008b 00000000 		.4byte	0
 1279 008f 00000000 		.4byte	0
 1280              		.section	.debug_aranges,"",%progbits
 1281 0000 44000000 		.4byte	0x44
 1282 0004 0200     		.2byte	0x2
 1283 0006 00000000 		.4byte	.Ldebug_info0
 1284 000a 04       		.byte	0x4
 1285 000b 00       		.byte	0
 1286 000c 0000     		.2byte	0
 1287 000e 0000     		.2byte	0
 1288 0010 00000000 		.4byte	.LFB64
 1289 0014 40000000 		.4byte	.LFE64-.LFB64
 1290 0018 00000000 		.4byte	.LFB65
 1291 001c 36000000 		.4byte	.LFE65-.LFB65
 1292 0020 00000000 		.4byte	.LFB66
 1293 0024 44000000 		.4byte	.LFE66-.LFB66
ARM GAS  C:\Users\andre\AppData\Local\Temp\ccdKzkkC.s 			page 26


 1294 0028 00000000 		.4byte	.LFB67
 1295 002c 50000000 		.4byte	.LFE67-.LFB67
 1296 0030 00000000 		.4byte	.LFB68
 1297 0034 02000000 		.4byte	.LFE68-.LFB68
 1298 0038 00000000 		.4byte	.LFB69
 1299 003c 28000000 		.4byte	.LFE69-.LFB69
 1300 0040 00000000 		.4byte	0
 1301 0044 00000000 		.4byte	0
 1302              		.section	.debug_ranges,"",%progbits
 1303              	.Ldebug_ranges0:
 1304 0000 00000000 		.4byte	.LFB64
 1305 0004 40000000 		.4byte	.LFE64
 1306 0008 00000000 		.4byte	.LFB65
 1307 000c 36000000 		.4byte	.LFE65
 1308 0010 00000000 		.4byte	.LFB66
 1309 0014 44000000 		.4byte	.LFE66
 1310 0018 00000000 		.4byte	.LFB67
 1311 001c 50000000 		.4byte	.LFE67
 1312 0020 00000000 		.4byte	.LFB68
 1313 0024 02000000 		.4byte	.LFE68
 1314 0028 00000000 		.4byte	.LFB69
 1315 002c 28000000 		.4byte	.LFE69
 1316 0030 00000000 		.4byte	0
 1317 0034 00000000 		.4byte	0
 1318              		.section	.debug_line,"",%progbits
 1319              	.Ldebug_line0:
 1320 0000 A9020000 		.section	.debug_str,"MS",%progbits,1
 1320      02000902 
 1320      00000201 
 1320      FB0E0D00 
 1320      01010101 
 1321              	.LASF46:
 1322 0000 76656C6F 		.ascii	"velocidad\000"
 1322      63696461 
 1322      6400
 1323              	.LASF25:
 1324 000a 426F746F 		.ascii	"Boton_anterior\000"
 1324      6E5F616E 
 1324      74657269 
 1324      6F7200
 1325              	.LASF9:
 1326 0019 5F5F696E 		.ascii	"__int32_t\000"
 1326      7433325F 
 1326      7400
 1327              	.LASF20:
 1328 0023 63617261 		.ascii	"caracteres\000"
 1328      63746572 
 1328      657300
 1329              	.LASF40:
 1330 002e 456E636F 		.ascii	"Encoder_SetCounter\000"
 1330      6465725F 
 1330      53657443 
 1330      6F756E74 
 1330      657200
 1331              	.LASF11:
 1332 0041 75696E74 		.ascii	"uint8\000"
 1332      3800
ARM GAS  C:\Users\andre\AppData\Local\Temp\ccdKzkkC.s 			page 27


 1333              	.LASF18:
 1334 0047 44697265 		.ascii	"Direccion\000"
 1334      6363696F 
 1334      6E00
 1335              	.LASF12:
 1336 0051 666C6F61 		.ascii	"float\000"
 1336      7400
 1337              	.LASF7:
 1338 0057 6C6F6E67 		.ascii	"long long unsigned int\000"
 1338      206C6F6E 
 1338      6720756E 
 1338      7369676E 
 1338      65642069 
 1339              	.LASF1:
 1340 006e 756E7369 		.ascii	"unsigned char\000"
 1340      676E6564 
 1340      20636861 
 1340      7200
 1341              	.LASF41:
 1342 007c 474E5520 		.ascii	"GNU C11 5.4.1 20160609 (release) [ARM/embedded-5-br"
 1342      43313120 
 1342      352E342E 
 1342      31203230 
 1342      31363036 
 1343 00af 616E6368 		.ascii	"anch revision 237715] -mcpu=cortex-m3 -mthumb -g -O"
 1343      20726576 
 1343      6973696F 
 1343      6E203233 
 1343      37373135 
 1344 00e2 67202D66 		.ascii	"g -ffunction-sections -ffat-lto-objects\000"
 1344      66756E63 
 1344      74696F6E 
 1344      2D736563 
 1344      74696F6E 
 1345              	.LASF5:
 1346 010a 6C6F6E67 		.ascii	"long unsigned int\000"
 1346      20756E73 
 1346      69676E65 
 1346      6420696E 
 1346      7400
 1347              	.LASF3:
 1348 011c 73686F72 		.ascii	"short unsigned int\000"
 1348      7420756E 
 1348      7369676E 
 1348      65642069 
 1348      6E7400
 1349              	.LASF37:
 1350 012f 55415254 		.ascii	"UART_Start\000"
 1350      5F537461 
 1350      727400
 1351              	.LASF22:
 1352 013a 49544D5F 		.ascii	"ITM_RxBuffer\000"
 1352      52784275 
 1352      66666572 
 1352      00
 1353              	.LASF39:
 1354 0147 456E636F 		.ascii	"Encoder_Start\000"
ARM GAS  C:\Users\andre\AppData\Local\Temp\ccdKzkkC.s 			page 28


 1354      6465725F 
 1354      53746172 
 1354      7400
 1355              	.LASF13:
 1356 0155 646F7562 		.ascii	"double\000"
 1356      6C6500
 1357              	.LASF30:
 1358 015c 494E335F 		.ascii	"IN3_Write\000"
 1358      57726974 
 1358      6500
 1359              	.LASF35:
 1360 0166 50574D5F 		.ascii	"PWM_WriteCompare\000"
 1360      57726974 
 1360      65436F6D 
 1360      70617265 
 1360      00
 1361              	.LASF47:
 1362 0177 6D61696E 		.ascii	"main\000"
 1362      00
 1363              	.LASF43:
 1364 017c 433A5C55 		.ascii	"C:\\UNIVERSIDAD\\control\\Lab2\\Laboratorio2_Contro"
 1364      4E495645 
 1364      52534944 
 1364      41445C63 
 1364      6F6E7472 
 1365 01ab 6C5F6465 		.ascii	"l_de_moviemiento\\Laboratorio2.cydsn\000"
 1365      5F6D6F76 
 1365      69656D69 
 1365      656E746F 
 1365      5C4C6162 
 1366              	.LASF28:
 1367 01cf 42757474 		.ascii	"Button_Read\000"
 1367      6F6E5F52 
 1367      65616400 
 1368              	.LASF8:
 1369 01db 756E7369 		.ascii	"unsigned int\000"
 1369      676E6564 
 1369      20696E74 
 1369      00
 1370              	.LASF45:
 1371 01e8 64697265 		.ascii	"direccion\000"
 1371      6363696F 
 1371      6E00
 1372              	.LASF23:
 1373 01f2 45737461 		.ascii	"Estado_motor\000"
 1373      646F5F6D 
 1373      6F746F72 
 1373      00
 1374              	.LASF27:
 1375 01ff 62756666 		.ascii	"buffer_uart\000"
 1375      65725F75 
 1375      61727400 
 1376              	.LASF26:
 1377 020b 70776D5F 		.ascii	"pwm_value\000"
 1377      76616C75 
 1377      6500
 1378              	.LASF10:
ARM GAS  C:\Users\andre\AppData\Local\Temp\ccdKzkkC.s 			page 29


 1379 0215 696E7433 		.ascii	"int32_t\000"
 1379      325F7400 
 1380              	.LASF16:
 1381 021d 73697A65 		.ascii	"sizetype\000"
 1381      74797065 
 1381      00
 1382              	.LASF21:
 1383 0226 73656E74 		.ascii	"sentido\000"
 1383      69646F00 
 1384              	.LASF6:
 1385 022e 6C6F6E67 		.ascii	"long long int\000"
 1385      206C6F6E 
 1385      6720696E 
 1385      7400
 1386              	.LASF24:
 1387 023c 426F746F 		.ascii	"Boton_actual\000"
 1387      6E5F6163 
 1387      7475616C 
 1387      00
 1388              	.LASF42:
 1389 0249 6D61696E 		.ascii	"main.c\000"
 1389      2E6300
 1390              	.LASF44:
 1391 0250 4C656374 		.ascii	"Lectura_Serial\000"
 1391      7572615F 
 1391      53657269 
 1391      616C00
 1392              	.LASF33:
 1393 025f 55415254 		.ascii	"UART_GetChar\000"
 1393      5F476574 
 1393      43686172 
 1393      00
 1394              	.LASF19:
 1395 026c 636F6D75 		.ascii	"comunicacion_serial\000"
 1395      6E696361 
 1395      63696F6E 
 1395      5F736572 
 1395      69616C00 
 1396              	.LASF2:
 1397 0280 73686F72 		.ascii	"short int\000"
 1397      7420696E 
 1397      7400
 1398              	.LASF36:
 1399 028a 50574D5F 		.ascii	"PWM_Start\000"
 1399      53746172 
 1399      7400
 1400              	.LASF31:
 1401 0294 494E345F 		.ascii	"IN4_Write\000"
 1401      57726974 
 1401      6500
 1402              	.LASF32:
 1403 029e 55415254 		.ascii	"UART_GetRxBufferSize\000"
 1403      5F476574 
 1403      52784275 
 1403      66666572 
 1403      53697A65 
 1404              	.LASF4:
ARM GAS  C:\Users\andre\AppData\Local\Temp\ccdKzkkC.s 			page 30


 1405 02b3 6C6F6E67 		.ascii	"long int\000"
 1405      20696E74 
 1405      00
 1406              	.LASF14:
 1407 02bc 63686172 		.ascii	"char\000"
 1407      00
 1408              	.LASF15:
 1409 02c1 6C6F6E67 		.ascii	"long double\000"
 1409      20646F75 
 1409      626C6500 
 1410              	.LASF0:
 1411 02cd 7369676E 		.ascii	"signed char\000"
 1411      65642063 
 1411      68617200 
 1412              	.LASF38:
 1413 02d9 55415254 		.ascii	"UART_PutString\000"
 1413      5F507574 
 1413      53747269 
 1413      6E6700
 1414              	.LASF34:
 1415 02e8 61746F69 		.ascii	"atoi\000"
 1415      00
 1416              	.LASF29:
 1417 02ed 43794465 		.ascii	"CyDelay\000"
 1417      6C617900 
 1418              	.LASF17:
 1419 02f5 4C656374 		.ascii	"Lectura_Boton\000"
 1419      7572615F 
 1419      426F746F 
 1419      6E00
 1420              		.ident	"GCC: (GNU Tools for ARM Embedded Processors) 5.4.1 20160609 (release) [ARM/embedded-5-bran
